2020-10-27 15:49:54,694 logger DEBUG hidden_layers=2, hidden_size=256, batch_size=2000, learning_rate=0.000500
2020-10-27 15:49:58,250 logger DEBUG Epoch[0] loss:11.289878
2020-10-27 15:49:58,458 logger DEBUG Vaildate loss:11.016549
2020-10-27 15:50:06,862 logger DEBUG Epoch[20] loss:4.124711
2020-10-27 15:50:07,083 logger DEBUG Vaildate loss:9.271197
2020-10-27 15:50:15,687 logger DEBUG Epoch[40] loss:2.489683
2020-10-27 15:50:15,907 logger DEBUG Vaildate loss:11.235826
2020-10-27 15:50:24,760 logger DEBUG Epoch[60] loss:1.957425
2020-10-27 15:50:24,972 logger DEBUG Vaildate loss:11.212776
2020-10-27 15:50:33,807 logger DEBUG Epoch[80] loss:1.763948
2020-10-27 15:50:34,020 logger DEBUG Vaildate loss:11.139099
2020-10-27 15:50:42,966 logger DEBUG Epoch[100] loss:1.616256
2020-10-27 15:50:43,185 logger DEBUG Vaildate loss:11.268702
2020-10-27 15:50:54,780 logger DEBUG Epoch[120] loss:1.512804
2020-10-27 15:50:54,993 logger DEBUG Vaildate loss:12.186779
2020-10-27 15:51:04,456 logger DEBUG Epoch[140] loss:1.447659
2020-10-27 15:51:04,719 logger DEBUG Vaildate loss:12.509792
2020-10-27 15:51:16,535 logger DEBUG Epoch[160] loss:1.401827
2020-10-27 15:51:16,772 logger DEBUG Vaildate loss:12.263084
2020-10-27 15:51:25,982 logger DEBUG Epoch[180] loss:1.359188
2020-10-27 15:51:26,207 logger DEBUG Vaildate loss:12.648570
2020-10-27 15:51:35,533 logger DEBUG Epoch[200] loss:1.330306
2020-10-27 15:51:35,787 logger DEBUG Vaildate loss:12.883201
2020-10-27 15:51:45,267 logger DEBUG Epoch[220] loss:1.259338
2020-10-27 15:51:45,479 logger DEBUG Vaildate loss:12.982373
2020-10-27 15:51:53,970 logger DEBUG Epoch[240] loss:1.243466
2020-10-27 15:51:54,179 logger DEBUG Vaildate loss:13.112107
2020-10-27 15:52:02,918 logger DEBUG Epoch[260] loss:1.254820
2020-10-27 15:52:03,131 logger DEBUG Vaildate loss:12.550898
2020-10-27 15:52:11,575 logger DEBUG Epoch[280] loss:1.238211
2020-10-27 15:52:11,806 logger DEBUG Vaildate loss:13.489943
2020-10-27 15:52:20,392 logger DEBUG Epoch[300] loss:1.141648
2020-10-27 15:52:20,618 logger DEBUG Vaildate loss:12.804024
2020-10-27 15:52:29,042 logger DEBUG Epoch[320] loss:1.131236
2020-10-27 15:52:29,253 logger DEBUG Vaildate loss:12.967565
2020-10-27 15:52:38,000 logger DEBUG Epoch[340] loss:1.108764
2020-10-27 15:52:38,229 logger DEBUG Vaildate loss:12.943304
2020-10-27 15:52:47,178 logger DEBUG Epoch[360] loss:1.083536
2020-10-27 15:52:47,399 logger DEBUG Vaildate loss:12.849010
2020-10-27 15:52:56,442 logger DEBUG Epoch[380] loss:1.070876
2020-10-27 15:52:56,661 logger DEBUG Vaildate loss:12.879117
2020-10-27 15:53:05,959 logger DEBUG Epoch[400] loss:1.078006
2020-10-27 15:53:06,176 logger DEBUG Vaildate loss:13.380794
2020-10-27 15:53:15,614 logger DEBUG Epoch[420] loss:1.078380
2020-10-27 15:53:15,847 logger DEBUG Vaildate loss:13.459023
2020-10-27 15:53:25,392 logger DEBUG Epoch[440] loss:1.062249
2020-10-27 15:53:25,613 logger DEBUG Vaildate loss:13.392657
2020-10-27 15:53:34,526 logger DEBUG Epoch[460] loss:1.064391
2020-10-27 15:53:34,748 logger DEBUG Vaildate loss:13.041603
2020-10-27 15:53:43,429 logger DEBUG Epoch[480] loss:1.095616
2020-10-27 15:53:43,637 logger DEBUG Vaildate loss:13.309090
2020-10-27 15:53:52,142 logger DEBUG Epoch[500] loss:1.046733
2020-10-27 15:53:52,355 logger DEBUG Vaildate loss:12.979578
2020-10-27 15:54:00,975 logger DEBUG Epoch[520] loss:1.066704
2020-10-27 15:54:01,200 logger DEBUG Vaildate loss:13.405274
2020-10-27 15:54:10,188 logger DEBUG Epoch[540] loss:1.049924
2020-10-27 15:54:10,405 logger DEBUG Vaildate loss:13.212678
2020-10-27 15:54:19,422 logger DEBUG Epoch[560] loss:1.031011
2020-10-27 15:54:19,685 logger DEBUG Vaildate loss:12.237232
2020-10-27 15:54:28,747 logger DEBUG Epoch[580] loss:1.065583
2020-10-27 15:54:28,958 logger DEBUG Vaildate loss:12.878343
2020-10-27 15:54:37,553 logger DEBUG Epoch[600] loss:1.048553
2020-10-27 15:54:37,768 logger DEBUG Vaildate loss:12.918019
2020-10-27 15:54:46,795 logger DEBUG Epoch[620] loss:1.035046
2020-10-27 15:54:47,009 logger DEBUG Vaildate loss:13.527129
2020-10-27 15:54:55,848 logger DEBUG Epoch[640] loss:1.034117
2020-10-27 15:54:56,064 logger DEBUG Vaildate loss:12.960746
2020-10-27 15:55:05,448 logger DEBUG Epoch[660] loss:1.037410
2020-10-27 15:55:05,676 logger DEBUG Vaildate loss:12.726936
2020-10-27 15:55:15,242 logger DEBUG Epoch[680] loss:1.031148
2020-10-27 15:55:15,465 logger DEBUG Vaildate loss:13.593476
2020-10-27 15:55:25,042 logger DEBUG Epoch[700] loss:1.010649
2020-10-27 15:55:25,252 logger DEBUG Vaildate loss:12.554588
2020-10-27 15:55:33,982 logger DEBUG Epoch[720] loss:0.993099
2020-10-27 15:55:34,196 logger DEBUG Vaildate loss:12.965373
2020-10-27 15:55:42,884 logger DEBUG Epoch[740] loss:0.993666
2020-10-27 15:55:43,106 logger DEBUG Vaildate loss:12.879558
2020-10-27 15:55:51,914 logger DEBUG Epoch[760] loss:1.006217
2020-10-27 15:55:52,126 logger DEBUG Vaildate loss:13.097918
2020-10-27 15:56:01,273 logger DEBUG Epoch[780] loss:1.002149
2020-10-27 15:56:01,493 logger DEBUG Vaildate loss:12.973775
2020-10-27 15:56:10,755 logger DEBUG Epoch[800] loss:1.015634
2020-10-27 15:56:10,993 logger DEBUG Vaildate loss:12.818319
2020-10-27 15:56:20,456 logger DEBUG Epoch[820] loss:1.018587
2020-10-27 15:56:20,682 logger DEBUG Vaildate loss:13.331280
2020-10-27 15:56:30,013 logger DEBUG Epoch[840] loss:0.984485
2020-10-27 15:56:30,237 logger DEBUG Vaildate loss:13.130002
2020-10-27 15:56:40,063 logger DEBUG Epoch[860] loss:0.992903
2020-10-27 15:56:40,285 logger DEBUG Vaildate loss:12.924750
2020-10-27 15:56:48,925 logger DEBUG Epoch[880] loss:0.998789
2020-10-27 15:56:49,149 logger DEBUG Vaildate loss:13.208430
2020-10-27 15:56:57,989 logger DEBUG Epoch[900] loss:1.044349
2020-10-27 15:56:58,206 logger DEBUG Vaildate loss:13.864735
2020-10-27 15:57:07,102 logger DEBUG Epoch[920] loss:0.977988
2020-10-27 15:57:07,319 logger DEBUG Vaildate loss:13.071947
2020-10-27 15:57:15,724 logger DEBUG Epoch[940] loss:0.987771
2020-10-27 15:57:15,977 logger DEBUG Vaildate loss:12.944043
2020-10-27 15:57:24,474 logger DEBUG Epoch[960] loss:1.023266
2020-10-27 15:57:24,686 logger DEBUG Vaildate loss:13.534414
2020-10-27 15:57:33,487 logger DEBUG Epoch[980] loss:0.996855
2020-10-27 15:57:33,772 logger DEBUG Vaildate loss:13.267047
2020-10-27 15:57:43,004 logger DEBUG Epoch[1000] loss:0.966967
2020-10-27 15:57:43,227 logger DEBUG Vaildate loss:13.330452
2020-10-27 15:57:52,201 logger DEBUG Epoch[1020] loss:0.989383
2020-10-27 15:57:52,453 logger DEBUG Vaildate loss:12.753454
2020-10-27 15:58:02,005 logger DEBUG Epoch[1040] loss:1.022686
2020-10-27 15:58:02,237 logger DEBUG Vaildate loss:12.981506
2020-10-27 15:58:11,759 logger DEBUG Epoch[1060] loss:1.018282
2020-10-27 15:58:11,972 logger DEBUG Vaildate loss:13.230440
2020-10-27 15:58:20,445 logger DEBUG Epoch[1080] loss:0.992854
2020-10-27 15:58:20,679 logger DEBUG Vaildate loss:12.342364
2020-10-27 15:58:29,344 logger DEBUG Epoch[1100] loss:0.974026
2020-10-27 15:58:29,563 logger DEBUG Vaildate loss:12.799731
2020-10-27 15:58:38,288 logger DEBUG Epoch[1120] loss:0.985917
2020-10-27 15:58:38,489 logger DEBUG Vaildate loss:13.272935
2020-10-27 15:58:47,156 logger DEBUG Epoch[1140] loss:0.989910
2020-10-27 15:58:47,383 logger DEBUG Vaildate loss:13.172681
2020-10-27 15:58:56,280 logger DEBUG Epoch[1160] loss:0.993474
2020-10-27 15:58:56,495 logger DEBUG Vaildate loss:13.222714
2020-10-27 15:59:05,415 logger DEBUG Epoch[1180] loss:0.965765
2020-10-27 15:59:05,639 logger DEBUG Vaildate loss:12.990988
2020-10-27 15:59:15,248 logger DEBUG Epoch[1200] loss:0.976872
2020-10-27 15:59:15,498 logger DEBUG Vaildate loss:13.092010
2020-10-27 15:59:25,143 logger DEBUG Epoch[1220] loss:0.969946
2020-10-27 15:59:25,372 logger DEBUG Vaildate loss:12.730745
2020-10-27 15:59:35,052 logger DEBUG Epoch[1240] loss:0.965872
2020-10-27 15:59:35,294 logger DEBUG Vaildate loss:13.553108
2020-10-27 15:59:45,026 logger DEBUG Epoch[1260] loss:0.970096
2020-10-27 15:59:45,237 logger DEBUG Vaildate loss:12.710332
2020-10-27 15:59:53,902 logger DEBUG Epoch[1280] loss:1.001720
2020-10-27 15:59:54,116 logger DEBUG Vaildate loss:13.093309
2020-10-27 16:00:02,606 logger DEBUG Epoch[1300] loss:0.997800
2020-10-27 16:00:02,832 logger DEBUG Vaildate loss:12.564845
2020-10-27 16:00:11,504 logger DEBUG Epoch[1320] loss:0.966078
2020-10-27 16:00:11,720 logger DEBUG Vaildate loss:13.405266
2020-10-27 16:00:20,695 logger DEBUG Epoch[1340] loss:0.972634
2020-10-27 16:00:20,901 logger DEBUG Vaildate loss:12.746397
2020-10-27 16:00:29,536 logger DEBUG Epoch[1360] loss:0.990580
2020-10-27 16:00:29,746 logger DEBUG Vaildate loss:13.442281
2020-10-27 16:00:38,479 logger DEBUG Epoch[1380] loss:0.961680
2020-10-27 16:00:38,689 logger DEBUG Vaildate loss:13.556648
2020-10-27 16:00:47,414 logger DEBUG Epoch[1400] loss:0.973979
2020-10-27 16:00:47,629 logger DEBUG Vaildate loss:13.599092
2020-10-27 16:00:56,527 logger DEBUG Epoch[1420] loss:0.974695
2020-10-27 16:00:56,747 logger DEBUG Vaildate loss:13.543034
2020-10-27 16:01:05,908 logger DEBUG Epoch[1440] loss:0.973223
2020-10-27 16:01:06,135 logger DEBUG Vaildate loss:13.053175
2020-10-27 16:01:15,747 logger DEBUG Epoch[1460] loss:0.980749
2020-10-27 16:01:15,987 logger DEBUG Vaildate loss:13.080253
2020-10-27 16:01:25,222 logger DEBUG Epoch[1480] loss:0.978322
2020-10-27 16:01:25,475 logger DEBUG Vaildate loss:13.405795
2020-10-27 16:01:35,309 logger DEBUG Epoch[1500] loss:0.968745
2020-10-27 16:01:35,555 logger DEBUG Vaildate loss:12.592104
2020-10-27 16:01:44,784 logger DEBUG Epoch[1520] loss:0.966024
2020-10-27 16:01:45,353 logger DEBUG Vaildate loss:13.319664
2020-10-27 16:02:02,031 logger DEBUG Epoch[1540] loss:0.977128
2020-10-27 16:02:02,622 logger DEBUG Vaildate loss:13.653484
2020-10-27 16:02:12,835 logger DEBUG Epoch[1560] loss:0.971635
2020-10-27 16:02:13,063 logger DEBUG Vaildate loss:13.056988
2020-10-27 16:02:21,870 logger DEBUG Epoch[1580] loss:0.973216
2020-10-27 16:02:22,085 logger DEBUG Vaildate loss:13.220681
2020-10-27 16:02:30,931 logger DEBUG Epoch[1600] loss:0.987466
2020-10-27 16:02:31,138 logger DEBUG Vaildate loss:12.994282
2020-10-27 16:02:39,859 logger DEBUG Epoch[1620] loss:0.977502
2020-10-27 16:02:40,071 logger DEBUG Vaildate loss:13.775727
2020-10-27 16:02:49,092 logger DEBUG Epoch[1640] loss:0.974896
2020-10-27 16:02:49,324 logger DEBUG Vaildate loss:13.998100
2020-10-27 16:02:58,542 logger DEBUG Epoch[1660] loss:0.960709
2020-10-27 16:02:58,771 logger DEBUG Vaildate loss:13.384517
2020-10-27 16:03:08,320 logger DEBUG Epoch[1680] loss:0.966097
2020-10-27 16:03:08,589 logger DEBUG Vaildate loss:13.263552
2020-10-27 16:03:17,944 logger DEBUG Epoch[1700] loss:0.973170
2020-10-27 16:03:18,174 logger DEBUG Vaildate loss:12.717980
2020-10-27 16:03:27,911 logger DEBUG Epoch[1720] loss:0.966122
2020-10-27 16:03:28,202 logger DEBUG Vaildate loss:13.834697
2020-10-27 16:03:36,985 logger DEBUG Epoch[1740] loss:0.947479
2020-10-27 16:03:37,194 logger DEBUG Vaildate loss:13.893635
2020-10-27 16:03:45,631 logger DEBUG Epoch[1760] loss:0.968994
2020-10-27 16:03:45,853 logger DEBUG Vaildate loss:12.720449
2020-10-27 16:03:54,672 logger DEBUG Epoch[1780] loss:0.984386
2020-10-27 16:03:54,881 logger DEBUG Vaildate loss:13.901079
2020-10-27 16:04:03,356 logger DEBUG Epoch[1800] loss:0.973773
2020-10-27 16:04:03,576 logger DEBUG Vaildate loss:13.746872
2020-10-27 16:04:12,459 logger DEBUG Epoch[1820] loss:0.969035
2020-10-27 16:04:12,693 logger DEBUG Vaildate loss:13.390707
2020-10-27 16:04:21,521 logger DEBUG Epoch[1840] loss:0.951272
2020-10-27 16:04:21,733 logger DEBUG Vaildate loss:13.311532
2020-10-27 16:04:30,653 logger DEBUG Epoch[1860] loss:0.960907
2020-10-27 16:04:30,865 logger DEBUG Vaildate loss:13.316925
2020-10-27 16:04:39,817 logger DEBUG Epoch[1880] loss:0.922173
2020-10-27 16:04:40,056 logger DEBUG Vaildate loss:13.288671
2020-10-27 16:04:49,574 logger DEBUG Epoch[1900] loss:0.949989
2020-10-27 16:04:49,814 logger DEBUG Vaildate loss:13.511838
2020-10-27 16:04:59,679 logger DEBUG Epoch[1920] loss:0.950865
2020-10-27 16:04:59,909 logger DEBUG Vaildate loss:12.751157
2020-10-27 16:05:08,529 logger DEBUG Epoch[1940] loss:0.980856
2020-10-27 16:05:08,766 logger DEBUG Vaildate loss:12.968698
2020-10-27 16:05:17,369 logger DEBUG Epoch[1960] loss:0.941982
2020-10-27 16:05:17,582 logger DEBUG Vaildate loss:13.640358
2020-10-27 16:05:26,176 logger DEBUG Epoch[1980] loss:0.964830
2020-10-27 16:05:26,395 logger DEBUG Vaildate loss:13.033354
2020-10-27 16:05:34,899 logger DEBUG training finish.
2020-10-27 16:05:34,899 logger DEBUG  
 
 

2020-10-27 16:43:42,744 logger DEBUG hidden_layers=1, hidden_size=256, batch_size=2000, learning_rate=0.000500
2020-10-27 16:43:46,432 logger DEBUG Epoch[0] loss:11.390254
2020-10-27 16:43:46,667 logger DEBUG Vaildate loss:11.047316
2020-10-27 16:43:55,965 logger DEBUG Epoch[20] loss:5.413675
2020-10-27 16:43:56,206 logger DEBUG Vaildate loss:8.502119
2020-10-27 16:44:05,191 logger DEBUG Epoch[40] loss:4.628860
2020-10-27 16:44:05,411 logger DEBUG Vaildate loss:8.945064
2020-10-27 16:44:14,459 logger DEBUG Epoch[60] loss:4.223511
2020-10-27 16:44:14,680 logger DEBUG Vaildate loss:9.127664
2020-10-27 16:44:23,827 logger DEBUG Epoch[80] loss:3.956261
2020-10-27 16:44:24,100 logger DEBUG Vaildate loss:9.603277
2020-10-27 16:44:32,862 logger DEBUG Epoch[100] loss:3.747400
2020-10-27 16:44:33,095 logger DEBUG Vaildate loss:10.119498
2020-10-27 16:44:42,393 logger DEBUG Epoch[120] loss:3.626385
2020-10-27 16:44:42,619 logger DEBUG Vaildate loss:10.554276
2020-10-27 16:44:52,146 logger DEBUG Epoch[140] loss:3.527420
2020-10-27 16:44:52,395 logger DEBUG Vaildate loss:10.608250
2020-10-27 16:45:05,821 logger DEBUG hidden_layers=1, hidden_size=128, batch_size=2000, learning_rate=0.000500
2020-10-27 16:45:09,454 logger DEBUG Epoch[0] loss:11.342420
2020-10-27 16:45:09,666 logger DEBUG Vaildate loss:10.938725
2020-10-27 16:45:18,546 logger DEBUG Epoch[20] loss:6.060061
2020-10-27 16:45:18,774 logger DEBUG Vaildate loss:8.174707
2020-10-27 16:45:28,060 logger DEBUG Epoch[40] loss:5.264903
2020-10-27 16:45:28,281 logger DEBUG Vaildate loss:8.454773
2020-10-27 16:45:37,791 logger DEBUG Epoch[60] loss:4.911883
2020-10-27 16:45:38,013 logger DEBUG Vaildate loss:8.884777
2020-10-27 16:45:53,580 logger DEBUG hidden_layers=1, hidden_size=128, batch_size=200, learning_rate=0.000500
2020-10-27 16:45:57,500 logger DEBUG Epoch[0] loss:10.047093
2020-10-27 16:45:57,694 logger DEBUG Vaildate loss:8.783262
2020-10-27 16:46:13,821 logger DEBUG Epoch[20] loss:4.789187
2020-10-27 16:46:14,012 logger DEBUG Vaildate loss:8.432409
2020-10-27 16:46:29,213 logger DEBUG Epoch[40] loss:4.490902
2020-10-27 16:46:29,400 logger DEBUG Vaildate loss:8.736161
2020-10-27 16:46:44,855 logger DEBUG Epoch[60] loss:4.298942
2020-10-27 16:46:45,099 logger DEBUG Vaildate loss:9.592946
2020-10-27 16:47:07,183 logger DEBUG hidden_layers=1, hidden_size=64, batch_size=2000, learning_rate=0.000500
2020-10-27 16:47:10,937 logger DEBUG Epoch[0] loss:11.399855
2020-10-27 16:47:11,175 logger DEBUG Vaildate loss:11.020840
2020-10-27 16:47:21,016 logger DEBUG Epoch[20] loss:6.818128
2020-10-27 16:47:21,260 logger DEBUG Vaildate loss:8.087613
2020-10-27 16:47:30,239 logger DEBUG Epoch[40] loss:5.927461
2020-10-27 16:47:30,470 logger DEBUG Vaildate loss:8.236792
2020-10-27 16:47:39,721 logger DEBUG Epoch[60] loss:5.578645
2020-10-27 16:47:39,960 logger DEBUG Vaildate loss:8.416621
2020-10-27 16:47:49,313 logger DEBUG Epoch[80] loss:5.366343
2020-10-27 16:47:49,549 logger DEBUG Vaildate loss:8.480580
2020-10-27 16:47:58,770 logger DEBUG Epoch[100] loss:5.241960
2020-10-27 16:47:59,014 logger DEBUG Vaildate loss:8.601074
2020-10-27 16:48:08,583 logger DEBUG Epoch[120] loss:5.159686
2020-10-27 16:48:08,821 logger DEBUG Vaildate loss:8.625177
2020-10-27 16:48:18,577 logger DEBUG Epoch[140] loss:5.051179
2020-10-27 16:48:18,819 logger DEBUG Vaildate loss:8.788791
2020-10-27 16:48:28,450 logger DEBUG Epoch[160] loss:5.035615
2020-10-27 16:48:28,689 logger DEBUG Vaildate loss:8.769642
2020-10-27 16:48:38,446 logger DEBUG Epoch[180] loss:4.979276
2020-10-27 16:48:38,737 logger DEBUG Vaildate loss:8.911415
2020-10-27 16:48:48,022 logger DEBUG Epoch[200] loss:4.966663
2020-10-27 16:48:48,261 logger DEBUG Vaildate loss:8.794892
2020-10-27 16:48:56,957 logger DEBUG Epoch[220] loss:4.902693
2020-10-27 16:48:57,196 logger DEBUG Vaildate loss:9.084910
2020-10-27 16:49:06,081 logger DEBUG Epoch[240] loss:4.904277
2020-10-27 16:49:06,308 logger DEBUG Vaildate loss:9.012857
2020-10-27 16:49:14,930 logger DEBUG Epoch[260] loss:4.859924
2020-10-27 16:49:15,148 logger DEBUG Vaildate loss:9.024140
2020-10-27 16:49:24,014 logger DEBUG Epoch[280] loss:4.843561
2020-10-27 16:49:24,260 logger DEBUG Vaildate loss:9.170016
2020-10-27 16:49:33,502 logger DEBUG Epoch[300] loss:4.814983
2020-10-27 16:49:33,754 logger DEBUG Vaildate loss:9.152646
2020-10-27 16:49:43,185 logger DEBUG Epoch[320] loss:4.824416
2020-10-27 16:49:43,446 logger DEBUG Vaildate loss:9.255280
2020-10-27 16:49:52,736 logger DEBUG Epoch[340] loss:4.814728
2020-10-27 16:49:52,981 logger DEBUG Vaildate loss:9.232577
2020-10-27 16:50:01,777 logger DEBUG Epoch[360] loss:4.773029
2020-10-27 16:50:02,018 logger DEBUG Vaildate loss:9.223590
2020-10-27 16:50:11,441 logger DEBUG Epoch[380] loss:4.780076
2020-10-27 16:50:11,717 logger DEBUG Vaildate loss:9.248921
2020-10-27 16:50:20,268 logger DEBUG Epoch[400] loss:4.773271
2020-10-27 16:50:20,502 logger DEBUG Vaildate loss:9.323608
2020-10-27 16:50:29,152 logger DEBUG Epoch[420] loss:4.783952
2020-10-27 16:50:29,393 logger DEBUG Vaildate loss:9.268620
2020-10-27 16:50:37,754 logger DEBUG Epoch[440] loss:4.765984
2020-10-27 16:50:37,998 logger DEBUG Vaildate loss:9.372979
2020-10-27 16:50:46,777 logger DEBUG Epoch[460] loss:4.755455
2020-10-27 16:50:47,021 logger DEBUG Vaildate loss:9.398140
2020-10-27 16:50:55,710 logger DEBUG Epoch[480] loss:4.773786
2020-10-27 16:50:55,948 logger DEBUG Vaildate loss:9.397268
2020-10-27 16:51:04,514 logger DEBUG Epoch[500] loss:4.755540
2020-10-27 16:51:04,740 logger DEBUG Vaildate loss:9.330447
2020-10-27 16:51:13,289 logger DEBUG Epoch[520] loss:4.756332
2020-10-27 16:51:13,533 logger DEBUG Vaildate loss:9.381817
2020-10-27 16:51:22,654 logger DEBUG Epoch[540] loss:4.739132
2020-10-27 16:51:22,906 logger DEBUG Vaildate loss:9.439730
2020-10-27 16:51:32,101 logger DEBUG Epoch[560] loss:4.743812
2020-10-27 16:51:32,341 logger DEBUG Vaildate loss:9.477917
2020-10-27 16:51:41,556 logger DEBUG Epoch[580] loss:4.721831
2020-10-27 16:51:41,802 logger DEBUG Vaildate loss:9.362076
2020-10-27 16:51:51,092 logger DEBUG Epoch[600] loss:4.757178
2020-10-27 16:51:51,313 logger DEBUG Vaildate loss:9.458147
2020-10-27 16:52:00,078 logger DEBUG Epoch[620] loss:4.751073
2020-10-27 16:52:00,314 logger DEBUG Vaildate loss:9.358172
2020-10-27 16:52:08,773 logger DEBUG Epoch[640] loss:4.720261
2020-10-27 16:52:09,002 logger DEBUG Vaildate loss:9.413169
2020-10-27 16:52:17,361 logger DEBUG Epoch[660] loss:4.734919
2020-10-27 16:52:17,597 logger DEBUG Vaildate loss:9.336440
2020-10-27 16:52:26,098 logger DEBUG Epoch[680] loss:4.747522
2020-10-27 16:52:26,337 logger DEBUG Vaildate loss:9.478743
2020-10-27 16:52:34,960 logger DEBUG Epoch[700] loss:4.726975
2020-10-27 16:52:35,189 logger DEBUG Vaildate loss:9.461922
2020-10-27 16:52:44,151 logger DEBUG Epoch[720] loss:4.723053
2020-10-27 16:52:44,387 logger DEBUG Vaildate loss:9.456136
2020-10-27 16:52:53,739 logger DEBUG Epoch[740] loss:4.741591
2020-10-27 16:52:53,987 logger DEBUG Vaildate loss:9.415973
2020-10-27 16:53:03,312 logger DEBUG Epoch[760] loss:4.725757
2020-10-27 16:53:03,551 logger DEBUG Vaildate loss:9.455689
2020-10-27 16:53:12,740 logger DEBUG Epoch[780] loss:4.730424
2020-10-27 16:53:12,975 logger DEBUG Vaildate loss:9.478207
2020-10-27 16:53:22,752 logger DEBUG Epoch[800] loss:4.725376
2020-10-27 16:53:22,976 logger DEBUG Vaildate loss:9.520270
2020-10-27 16:53:31,771 logger DEBUG Epoch[820] loss:4.700563
2020-10-27 16:53:31,986 logger DEBUG Vaildate loss:9.489613
2020-10-27 16:53:40,866 logger DEBUG Epoch[840] loss:4.711847
2020-10-27 16:53:41,107 logger DEBUG Vaildate loss:9.497392
2020-10-27 16:53:49,950 logger DEBUG Epoch[860] loss:4.687361
2020-10-27 16:53:50,187 logger DEBUG Vaildate loss:9.484734
2020-10-27 16:53:59,067 logger DEBUG Epoch[880] loss:4.726371
2020-10-27 16:53:59,308 logger DEBUG Vaildate loss:9.556003
2020-10-27 16:54:07,779 logger DEBUG Epoch[900] loss:4.702415
2020-10-27 16:54:08,012 logger DEBUG Vaildate loss:9.605559
2020-10-27 16:54:16,814 logger DEBUG Epoch[920] loss:4.718075
2020-10-27 16:54:17,071 logger DEBUG Vaildate loss:9.586027
2020-10-27 16:54:26,101 logger DEBUG Epoch[940] loss:4.719659
2020-10-27 16:54:26,353 logger DEBUG Vaildate loss:9.525544
2020-10-27 16:54:35,806 logger DEBUG Epoch[960] loss:4.714533
2020-10-27 16:54:36,047 logger DEBUG Vaildate loss:9.518960
2020-10-27 16:54:45,273 logger DEBUG Epoch[980] loss:4.729412
2020-10-27 16:54:45,526 logger DEBUG Vaildate loss:9.534146
2020-10-27 16:54:54,479 logger DEBUG training finish.
2020-10-27 16:54:54,479 logger DEBUG  
 
 

2020-10-27 18:59:14,938 logger DEBUG hidden_layers=1, hidden_size=64, batch_size=2000, learning_rate=0.000500
2020-10-27 18:59:18,315 logger DEBUG Epoch[0] loss:11.551822
2020-10-27 18:59:18,534 logger DEBUG Vaildate loss:11.228607
2020-10-27 18:59:26,774 logger DEBUG Epoch[20] loss:6.925281
2020-10-27 18:59:27,025 logger DEBUG Vaildate loss:8.785457
2020-10-27 18:59:35,370 logger DEBUG Epoch[40] loss:6.144109
2020-10-27 18:59:35,603 logger DEBUG Vaildate loss:8.955225
2020-10-27 18:59:44,113 logger DEBUG Epoch[60] loss:5.899946
2020-10-27 18:59:44,359 logger DEBUG Vaildate loss:8.945759
2020-10-27 18:59:52,468 logger DEBUG Epoch[80] loss:5.710322
2020-10-27 18:59:52,716 logger DEBUG Vaildate loss:9.056458
2020-10-27 19:00:01,221 logger DEBUG Epoch[100] loss:5.582809
2020-10-27 19:00:01,460 logger DEBUG Vaildate loss:9.155924
2020-10-27 19:00:09,360 logger DEBUG Epoch[120] loss:5.482559
2020-10-27 19:00:09,585 logger DEBUG Vaildate loss:9.237420
2020-10-27 19:00:18,041 logger DEBUG Epoch[140] loss:5.401034
2020-10-27 19:00:18,279 logger DEBUG Vaildate loss:9.295683
2020-10-27 19:00:26,835 logger DEBUG Epoch[160] loss:5.311008
2020-10-27 19:00:27,082 logger DEBUG Vaildate loss:9.315573
2020-10-27 19:00:35,933 logger DEBUG Epoch[180] loss:5.244013
2020-10-27 19:00:36,164 logger DEBUG Vaildate loss:9.573985
2020-10-27 19:00:44,789 logger DEBUG Epoch[200] loss:5.174607
2020-10-27 19:00:45,032 logger DEBUG Vaildate loss:9.698362
2020-10-27 19:00:53,352 logger DEBUG Epoch[220] loss:5.156840
2020-10-27 19:00:53,600 logger DEBUG Vaildate loss:9.729757
2020-10-27 19:01:02,031 logger DEBUG Epoch[240] loss:5.109599
2020-10-27 19:01:02,277 logger DEBUG Vaildate loss:9.841035
2020-10-27 19:01:10,785 logger DEBUG Epoch[260] loss:5.095189
2020-10-27 19:01:11,016 logger DEBUG Vaildate loss:9.866975
2020-10-27 19:01:19,255 logger DEBUG Epoch[280] loss:5.065833
2020-10-27 19:01:19,487 logger DEBUG Vaildate loss:10.002539
2020-10-27 19:01:27,967 logger DEBUG Epoch[300] loss:5.042217
2020-10-27 19:01:28,208 logger DEBUG Vaildate loss:9.966970
2020-10-27 19:01:36,608 logger DEBUG Epoch[320] loss:5.029231
2020-10-27 19:01:36,839 logger DEBUG Vaildate loss:9.936119
2020-10-27 19:01:45,394 logger DEBUG Epoch[340] loss:5.015760
2020-10-27 19:01:45,641 logger DEBUG Vaildate loss:10.047249
2020-10-27 19:01:53,973 logger DEBUG Epoch[360] loss:5.013255
2020-10-27 19:01:54,201 logger DEBUG Vaildate loss:10.001446
2020-10-27 19:02:02,803 logger DEBUG Epoch[380] loss:5.003742
2020-10-27 19:02:03,038 logger DEBUG Vaildate loss:10.022014
2020-10-27 19:02:11,257 logger DEBUG Epoch[400] loss:4.995449
2020-10-27 19:02:11,506 logger DEBUG Vaildate loss:10.115595
2020-10-27 19:03:00,372 logger DEBUG hidden_layers=2, hidden_size=512, batch_size=1000, learning_rate=0.000500
2020-10-27 19:03:03,691 logger DEBUG Epoch[0] loss:10.437007
2020-10-27 19:03:03,893 logger DEBUG Vaildate loss:10.863339
2020-10-27 19:03:12,864 logger DEBUG Epoch[20] loss:2.672641
2020-10-27 19:03:13,101 logger DEBUG Vaildate loss:9.889089
2020-10-27 19:03:22,479 logger DEBUG Epoch[40] loss:1.970949
2020-10-27 19:03:22,706 logger DEBUG Vaildate loss:12.668388
2020-10-27 19:03:32,198 logger DEBUG Epoch[60] loss:1.732612
2020-10-27 19:03:32,438 logger DEBUG Vaildate loss:11.827072
2020-10-27 19:03:41,774 logger DEBUG Epoch[80] loss:1.599594
2020-10-27 19:03:42,010 logger DEBUG Vaildate loss:12.304829
2020-10-27 19:03:51,348 logger DEBUG Epoch[100] loss:1.477108
2020-10-27 19:03:51,583 logger DEBUG Vaildate loss:12.425695
2020-10-27 19:04:00,897 logger DEBUG Epoch[120] loss:1.425904
2020-10-27 19:04:01,112 logger DEBUG Vaildate loss:13.711565
2020-10-27 19:04:10,547 logger DEBUG Epoch[140] loss:1.391604
2020-10-27 19:04:10,763 logger DEBUG Vaildate loss:13.794405
2020-10-27 19:04:20,134 logger DEBUG Epoch[160] loss:1.363265
2020-10-27 19:04:20,364 logger DEBUG Vaildate loss:13.359773
2020-10-27 19:04:29,683 logger DEBUG Epoch[180] loss:1.320632
2020-10-27 19:04:29,923 logger DEBUG Vaildate loss:13.715405
2020-10-27 19:04:39,226 logger DEBUG Epoch[200] loss:1.275636
2020-10-27 19:04:39,458 logger DEBUG Vaildate loss:13.414169
2020-10-27 19:04:48,980 logger DEBUG Epoch[220] loss:1.281955
2020-10-27 19:04:49,213 logger DEBUG Vaildate loss:13.789304
2020-10-27 19:04:58,657 logger DEBUG Epoch[240] loss:1.249660
2020-10-27 19:04:58,887 logger DEBUG Vaildate loss:13.186710
2020-10-27 19:05:08,200 logger DEBUG Epoch[260] loss:1.248006
2020-10-27 19:05:08,411 logger DEBUG Vaildate loss:14.623827
2020-10-27 19:05:17,818 logger DEBUG Epoch[280] loss:1.250841
2020-10-27 19:05:18,050 logger DEBUG Vaildate loss:13.731504
2020-10-27 19:05:27,324 logger DEBUG Epoch[300] loss:1.185383
2020-10-27 19:05:27,553 logger DEBUG Vaildate loss:14.139694
2020-10-27 19:05:36,801 logger DEBUG Epoch[320] loss:1.122388
2020-10-27 19:05:37,034 logger DEBUG Vaildate loss:14.581449
2020-10-27 19:05:46,644 logger DEBUG Epoch[340] loss:1.103785
2020-10-27 19:05:46,879 logger DEBUG Vaildate loss:14.149473
2020-10-27 19:05:56,071 logger DEBUG Epoch[360] loss:1.093345
2020-10-27 19:05:56,282 logger DEBUG Vaildate loss:14.288721
2020-10-27 19:06:05,333 logger DEBUG Epoch[380] loss:1.085957
2020-10-27 19:06:05,565 logger DEBUG Vaildate loss:14.482004
2020-10-27 19:06:15,230 logger DEBUG Epoch[400] loss:1.087732
2020-10-27 19:06:15,461 logger DEBUG Vaildate loss:14.184713
2020-10-27 19:06:24,931 logger DEBUG Epoch[420] loss:1.073438
2020-10-27 19:06:25,170 logger DEBUG Vaildate loss:13.805110
2020-10-27 19:06:34,722 logger DEBUG Epoch[440] loss:1.080112
2020-10-27 19:06:34,953 logger DEBUG Vaildate loss:14.777326
2020-10-27 19:06:44,018 logger DEBUG Epoch[460] loss:1.053467
2020-10-27 19:06:44,242 logger DEBUG Vaildate loss:14.245383
2020-10-27 19:06:53,375 logger DEBUG Epoch[480] loss:1.066828
2020-10-27 19:06:53,580 logger DEBUG Vaildate loss:13.931378
2020-10-27 19:07:02,931 logger DEBUG Epoch[500] loss:1.039744
2020-10-27 19:07:03,167 logger DEBUG Vaildate loss:15.608184
2020-10-27 19:07:12,596 logger DEBUG Epoch[520] loss:1.062993
2020-10-27 19:07:12,844 logger DEBUG Vaildate loss:14.662567
2020-10-27 19:07:21,791 logger DEBUG Epoch[540] loss:1.059880
2020-10-27 19:07:22,020 logger DEBUG Vaildate loss:14.318193
2020-10-27 19:07:31,236 logger DEBUG Epoch[560] loss:1.040771
2020-10-27 19:07:31,467 logger DEBUG Vaildate loss:14.567085
2020-10-27 19:08:06,277 logger DEBUG hidden_layers=1, hidden_size=64, batch_size=2000, learning_rate=0.000100
2020-10-27 19:08:09,768 logger DEBUG Epoch[0] loss:11.649352
2020-10-27 19:08:09,990 logger DEBUG Vaildate loss:11.143103
2020-10-27 19:08:17,953 logger DEBUG Epoch[20] loss:10.615205
2020-10-27 19:08:18,200 logger DEBUG Vaildate loss:10.922172
2020-10-27 19:08:26,432 logger DEBUG Epoch[40] loss:9.571305
2020-10-27 19:08:26,666 logger DEBUG Vaildate loss:10.364337
2020-10-27 19:08:34,901 logger DEBUG Epoch[60] loss:8.404737
2020-10-27 19:08:35,147 logger DEBUG Vaildate loss:9.588293
2020-10-27 19:08:43,717 logger DEBUG Epoch[80] loss:7.489578
2020-10-27 19:08:43,966 logger DEBUG Vaildate loss:9.017565
2020-10-27 19:08:52,387 logger DEBUG Epoch[100] loss:6.946288
2020-10-27 19:08:52,631 logger DEBUG Vaildate loss:8.819876
2020-10-27 19:09:01,334 logger DEBUG Epoch[120] loss:6.616062
2020-10-27 19:09:01,569 logger DEBUG Vaildate loss:8.776541
2020-10-27 19:09:09,558 logger DEBUG Epoch[140] loss:6.394309
2020-10-27 19:09:09,777 logger DEBUG Vaildate loss:8.801444
2020-10-27 19:09:18,071 logger DEBUG Epoch[160] loss:6.229062
2020-10-27 19:09:18,319 logger DEBUG Vaildate loss:8.853445
2020-10-27 19:09:26,537 logger DEBUG Epoch[180] loss:6.110570
2020-10-27 19:09:26,776 logger DEBUG Vaildate loss:8.918695
2020-10-27 19:09:46,561 logger DEBUG hidden_layers=1, hidden_size=16, batch_size=2000, learning_rate=0.000100
2020-10-27 19:09:49,904 logger DEBUG Epoch[0] loss:11.623896
2020-10-27 19:09:50,148 logger DEBUG Vaildate loss:11.295877
2020-10-27 19:09:58,388 logger DEBUG Epoch[20] loss:11.126888
2020-10-27 19:09:58,635 logger DEBUG Vaildate loss:11.133530
2020-10-27 19:10:07,079 logger DEBUG Epoch[40] loss:10.643294
2020-10-27 19:10:07,320 logger DEBUG Vaildate loss:10.940704
2020-10-27 19:10:15,593 logger DEBUG Epoch[60] loss:10.072999
2020-10-27 19:10:15,856 logger DEBUG Vaildate loss:10.624058
2020-10-27 19:10:24,517 logger DEBUG Epoch[80] loss:9.452382
2020-10-27 19:10:24,766 logger DEBUG Vaildate loss:10.222650
2020-10-27 19:10:33,499 logger DEBUG Epoch[100] loss:8.837319
2020-10-27 19:10:33,753 logger DEBUG Vaildate loss:9.794140
2020-10-27 19:10:42,163 logger DEBUG Epoch[120] loss:8.308331
2020-10-27 19:10:42,406 logger DEBUG Vaildate loss:9.470604
2020-10-27 19:10:50,666 logger DEBUG Epoch[140] loss:7.894484
2020-10-27 19:10:50,923 logger DEBUG Vaildate loss:9.221841
2020-10-27 19:10:59,442 logger DEBUG Epoch[160] loss:7.584564
2020-10-27 19:10:59,692 logger DEBUG Vaildate loss:9.056082
2020-10-27 19:11:07,783 logger DEBUG Epoch[180] loss:7.347194
2020-10-27 19:11:08,026 logger DEBUG Vaildate loss:9.003767
2020-10-27 19:11:16,555 logger DEBUG Epoch[200] loss:7.194617
2020-10-27 19:11:16,801 logger DEBUG Vaildate loss:8.990315
2020-10-27 19:11:25,264 logger DEBUG Epoch[220] loss:7.074775
2020-10-27 19:11:25,488 logger DEBUG Vaildate loss:9.029458
2020-10-27 19:11:33,714 logger DEBUG Epoch[240] loss:6.983434
2020-10-27 19:11:33,982 logger DEBUG Vaildate loss:9.013164
2020-10-27 19:11:42,478 logger DEBUG Epoch[260] loss:6.920672
2020-10-27 19:11:42,707 logger DEBUG Vaildate loss:9.024030
2020-10-27 19:11:51,407 logger DEBUG Epoch[280] loss:6.865379
2020-10-27 19:11:51,679 logger DEBUG Vaildate loss:9.033329
2020-10-27 19:12:00,158 logger DEBUG Epoch[300] loss:6.837644
2020-10-27 19:12:00,410 logger DEBUG Vaildate loss:9.004710
2020-10-27 19:12:08,786 logger DEBUG Epoch[320] loss:6.778145
2020-10-27 19:12:09,024 logger DEBUG Vaildate loss:9.060263
2020-10-27 19:12:17,556 logger DEBUG Epoch[340] loss:6.740358
2020-10-27 19:12:17,795 logger DEBUG Vaildate loss:9.045708
2020-10-27 19:12:26,165 logger DEBUG Epoch[360] loss:6.717898
2020-10-27 19:12:26,400 logger DEBUG Vaildate loss:9.066056
2020-10-27 19:12:34,889 logger DEBUG Epoch[380] loss:6.703946
2020-10-27 19:12:35,140 logger DEBUG Vaildate loss:9.086904
2020-10-27 19:12:43,681 logger DEBUG Epoch[400] loss:6.674977
2020-10-27 19:12:43,916 logger DEBUG Vaildate loss:9.082024
2020-10-27 19:12:52,351 logger DEBUG Epoch[420] loss:6.650497
2020-10-27 19:12:52,596 logger DEBUG Vaildate loss:9.073508
2020-10-27 19:13:01,108 logger DEBUG Epoch[440] loss:6.651403
2020-10-27 19:13:01,357 logger DEBUG Vaildate loss:9.036113
2020-10-27 19:13:09,956 logger DEBUG Epoch[460] loss:6.642649
2020-10-27 19:13:10,186 logger DEBUG Vaildate loss:9.062257
2020-10-27 19:13:18,570 logger DEBUG Epoch[480] loss:6.617164
2020-10-27 19:13:18,808 logger DEBUG Vaildate loss:9.056123
2020-10-27 19:13:27,320 logger DEBUG Epoch[500] loss:6.609166
2020-10-27 19:13:27,564 logger DEBUG Vaildate loss:9.090798
2020-10-27 19:13:35,945 logger DEBUG Epoch[520] loss:6.602271
2020-10-27 19:13:36,196 logger DEBUG Vaildate loss:9.115490
2020-10-27 19:13:44,434 logger DEBUG Epoch[540] loss:6.588572
2020-10-27 19:13:44,703 logger DEBUG Vaildate loss:9.145705
2020-10-27 19:13:53,113 logger DEBUG Epoch[560] loss:6.580329
2020-10-27 19:13:53,359 logger DEBUG Vaildate loss:9.160290
2020-10-27 19:14:01,985 logger DEBUG Epoch[580] loss:6.563812
2020-10-27 19:14:02,237 logger DEBUG Vaildate loss:9.178142
2020-10-27 19:14:10,442 logger DEBUG Epoch[600] loss:6.546319
2020-10-27 19:14:10,695 logger DEBUG Vaildate loss:9.211866
2020-10-27 19:14:19,275 logger DEBUG Epoch[620] loss:6.551146
2020-10-27 19:14:19,501 logger DEBUG Vaildate loss:9.175676
2020-10-27 19:14:27,719 logger DEBUG Epoch[640] loss:6.543903
2020-10-27 19:14:27,967 logger DEBUG Vaildate loss:9.122645
2020-10-27 19:14:36,098 logger DEBUG Epoch[660] loss:6.546406
2020-10-27 19:14:36,341 logger DEBUG Vaildate loss:9.095360
2020-10-27 19:14:44,720 logger DEBUG Epoch[680] loss:6.544294
2020-10-27 19:14:44,951 logger DEBUG Vaildate loss:9.068670
2020-10-27 19:14:53,087 logger DEBUG Epoch[700] loss:6.542910
2020-10-27 19:14:53,336 logger DEBUG Vaildate loss:9.051941
2020-10-27 19:15:01,544 logger DEBUG Epoch[720] loss:6.526662
2020-10-27 19:15:01,790 logger DEBUG Vaildate loss:9.046659
2020-10-27 19:15:10,449 logger DEBUG Epoch[740] loss:6.543581
2020-10-27 19:15:10,713 logger DEBUG Vaildate loss:9.046863
2020-10-27 19:15:12,859 logger DEBUG hidden_layers=1, hidden_size=16, batch_size=2000, learning_rate=0.000100
2020-10-27 19:15:19,187 logger DEBUG Epoch[760] loss:6.518141
2020-10-27 19:15:19,431 logger DEBUG Vaildate loss:9.035997
2020-10-27 19:15:27,952 logger DEBUG Epoch[780] loss:6.523837
2020-10-27 19:15:28,227 logger DEBUG Vaildate loss:9.029976
2020-10-27 19:15:36,867 logger DEBUG Epoch[800] loss:6.518715
2020-10-27 19:15:37,129 logger DEBUG Vaildate loss:9.028318
2020-10-27 19:15:45,495 logger DEBUG Epoch[820] loss:6.502977
2020-10-27 19:15:45,734 logger DEBUG Vaildate loss:9.043723
2020-10-27 19:15:54,204 logger DEBUG Epoch[840] loss:6.513192
2020-10-27 19:15:54,448 logger DEBUG Vaildate loss:9.030064
2020-10-27 19:16:02,847 logger DEBUG Epoch[860] loss:6.494704
2020-10-27 19:16:03,099 logger DEBUG Vaildate loss:9.008262
2020-10-27 19:17:06,832 logger DEBUG hidden_layers=1, hidden_size=16, batch_size=2000, learning_rate=0.000100
2020-10-27 19:17:10,157 logger DEBUG Epoch[0] loss:1.335418
2020-10-27 19:17:10,383 logger DEBUG Vaildate loss:1.160466
2020-10-27 19:17:18,251 logger DEBUG Epoch[20] loss:1.256190
2020-10-27 19:17:18,517 logger DEBUG Vaildate loss:1.139011
2020-10-27 19:17:26,263 logger DEBUG Epoch[40] loss:1.186089
2020-10-27 19:17:26,501 logger DEBUG Vaildate loss:1.103617
2020-10-27 19:17:34,293 logger DEBUG Epoch[60] loss:1.113627
2020-10-27 19:17:34,515 logger DEBUG Vaildate loss:1.049674
2020-10-27 19:17:42,069 logger DEBUG Epoch[80] loss:1.038986
2020-10-27 19:17:42,302 logger DEBUG Vaildate loss:1.014634
2020-10-27 19:17:49,841 logger DEBUG Epoch[100] loss:0.966991
2020-10-27 19:17:50,058 logger DEBUG Vaildate loss:0.993414
2020-10-27 19:17:57,667 logger DEBUG Epoch[120] loss:0.908152
2020-10-27 19:17:57,910 logger DEBUG Vaildate loss:0.958353
2020-10-27 19:18:05,490 logger DEBUG Epoch[140] loss:0.860848
2020-10-27 19:18:05,724 logger DEBUG Vaildate loss:0.947387
2020-10-27 19:18:13,305 logger DEBUG Epoch[160] loss:0.824404
2020-10-27 19:18:13,528 logger DEBUG Vaildate loss:0.944816
2020-10-27 19:18:21,085 logger DEBUG Epoch[180] loss:0.794181
2020-10-27 19:18:21,333 logger DEBUG Vaildate loss:0.973509
2020-10-27 19:18:28,940 logger DEBUG Epoch[200] loss:0.771682
2020-10-27 19:18:29,175 logger DEBUG Vaildate loss:1.000218
2020-10-27 19:18:36,939 logger DEBUG Epoch[220] loss:0.756836
2020-10-27 19:18:37,180 logger DEBUG Vaildate loss:1.018761
2020-10-27 19:18:44,789 logger DEBUG Epoch[240] loss:0.743727
2020-10-27 19:18:45,032 logger DEBUG Vaildate loss:1.039783
2020-10-27 19:19:15,017 logger DEBUG hidden_layers=1, hidden_size=16, batch_size=2000, learning_rate=0.000100
2020-10-27 19:19:18,328 logger DEBUG Epoch[0] loss:0.711194
2020-10-27 19:19:18,573 logger DEBUG Vaildate loss:0.772518
2020-10-27 19:19:26,245 logger DEBUG Epoch[20] loss:0.639823
2020-10-27 19:19:26,483 logger DEBUG Vaildate loss:0.756900
2020-10-27 19:19:34,558 logger DEBUG Epoch[40] loss:0.579836
2020-10-27 19:19:34,806 logger DEBUG Vaildate loss:0.795277
2020-10-27 19:19:42,785 logger DEBUG Epoch[60] loss:0.535447
2020-10-27 19:19:43,033 logger DEBUG Vaildate loss:0.843307
2020-10-27 19:19:50,744 logger DEBUG Epoch[80] loss:0.500709
2020-10-27 19:19:50,982 logger DEBUG Vaildate loss:0.885776
2020-10-27 19:19:58,702 logger DEBUG Epoch[100] loss:0.481802
2020-10-27 19:19:58,945 logger DEBUG Vaildate loss:0.910288
2020-10-27 19:20:06,570 logger DEBUG Epoch[120] loss:0.472525
2020-10-27 19:20:06,803 logger DEBUG Vaildate loss:0.925581
2020-10-27 19:20:14,705 logger DEBUG Epoch[140] loss:0.463207
2020-10-27 19:20:14,935 logger DEBUG Vaildate loss:0.934379
2020-10-27 19:20:22,574 logger DEBUG Epoch[160] loss:0.456954
2020-10-27 19:20:22,817 logger DEBUG Vaildate loss:0.968355
2020-10-27 19:20:30,426 logger DEBUG Epoch[180] loss:0.450872
2020-10-27 19:20:30,654 logger DEBUG Vaildate loss:0.998701
2020-10-27 19:20:38,088 logger DEBUG Epoch[200] loss:0.448230
2020-10-27 19:20:38,326 logger DEBUG Vaildate loss:1.029944
2020-10-27 19:20:45,840 logger DEBUG Epoch[220] loss:0.444295
2020-10-27 19:20:46,090 logger DEBUG Vaildate loss:1.065459
2020-10-27 19:20:53,642 logger DEBUG Epoch[240] loss:0.440543
2020-10-27 19:20:53,871 logger DEBUG Vaildate loss:1.076169
2020-10-27 19:21:01,368 logger DEBUG Epoch[260] loss:0.440542
2020-10-27 19:21:01,606 logger DEBUG Vaildate loss:1.094155
2020-10-27 19:21:09,424 logger DEBUG Epoch[280] loss:0.435954
2020-10-27 19:21:09,664 logger DEBUG Vaildate loss:1.125163
2020-10-27 19:21:17,393 logger DEBUG Epoch[300] loss:0.434905
2020-10-27 19:21:17,617 logger DEBUG Vaildate loss:1.152353
