2020-10-27 14:31:01,093 logger DEBUG hidden_layers=2, hidden_size=1024, batch_size=1000, learning_rate=0.000500
2020-10-27 14:31:04,613 logger DEBUG Epoch[0] loss:8.498530
2020-10-27 14:31:04,827 logger DEBUG Vaildate loss:10.091929
2020-10-27 14:31:14,220 logger DEBUG Epoch[20] loss:0.231917
2020-10-27 14:31:14,449 logger DEBUG Vaildate loss:17.127354
2020-10-27 14:31:23,958 logger DEBUG Epoch[40] loss:0.161277
2020-10-27 14:31:24,211 logger DEBUG Vaildate loss:17.181606
2020-10-27 14:31:33,385 logger DEBUG Epoch[60] loss:0.130270
2020-10-27 14:31:33,614 logger DEBUG Vaildate loss:21.186909
2020-10-27 14:31:43,577 logger DEBUG Epoch[80] loss:0.115496
2020-10-27 14:31:43,819 logger DEBUG Vaildate loss:26.150097
2020-10-27 14:31:53,654 logger DEBUG Epoch[100] loss:0.106780
2020-10-27 14:31:53,893 logger DEBUG Vaildate loss:24.096628
2020-10-27 14:32:03,423 logger DEBUG Epoch[120] loss:0.105000
2020-10-27 14:32:03,663 logger DEBUG Vaildate loss:25.843750
2020-10-27 14:32:13,232 logger DEBUG Epoch[140] loss:0.105763
2020-10-27 14:32:13,473 logger DEBUG Vaildate loss:21.577044
2020-10-27 14:32:22,908 logger DEBUG Epoch[160] loss:0.106933
2020-10-27 14:32:23,129 logger DEBUG Vaildate loss:24.063758
2020-10-27 14:32:32,629 logger DEBUG Epoch[180] loss:0.090259
2020-10-27 14:32:32,861 logger DEBUG Vaildate loss:26.639480
2020-10-27 14:32:41,883 logger DEBUG Epoch[200] loss:0.093660
2020-10-27 14:32:42,114 logger DEBUG Vaildate loss:25.329569
2020-10-27 14:32:51,199 logger DEBUG Epoch[220] loss:0.105667
2020-10-27 14:32:51,436 logger DEBUG Vaildate loss:26.956163
2020-10-27 14:33:01,127 logger DEBUG Epoch[240] loss:0.083106
2020-10-27 14:33:01,375 logger DEBUG Vaildate loss:30.458789
2020-10-27 14:33:11,244 logger DEBUG Epoch[260] loss:0.084722
2020-10-27 14:33:11,476 logger DEBUG Vaildate loss:29.484360
2020-10-27 14:33:20,597 logger DEBUG Epoch[280] loss:0.084356
2020-10-27 14:33:20,813 logger DEBUG Vaildate loss:29.718890
2020-10-27 14:33:30,038 logger DEBUG Epoch[300] loss:0.080616
2020-10-27 14:33:30,268 logger DEBUG Vaildate loss:33.487162
2020-10-27 14:33:40,142 logger DEBUG Epoch[320] loss:0.076713
2020-10-27 14:33:40,389 logger DEBUG Vaildate loss:32.709220
2020-10-27 14:33:50,186 logger DEBUG Epoch[340] loss:0.077782
2020-10-27 14:33:50,424 logger DEBUG Vaildate loss:35.615400
2020-10-27 14:34:00,221 logger DEBUG Epoch[360] loss:0.074853
2020-10-27 14:34:00,457 logger DEBUG Vaildate loss:33.704752
2020-10-27 14:34:09,836 logger DEBUG Epoch[380] loss:0.074431
2020-10-27 14:34:10,071 logger DEBUG Vaildate loss:34.270910
2020-10-27 14:34:29,896 logger DEBUG hidden_layers=2, hidden_size=512, batch_size=1000, learning_rate=0.000500
2020-10-27 14:34:33,331 logger DEBUG Epoch[0] loss:9.042831
2020-10-27 14:34:33,551 logger DEBUG Vaildate loss:10.617358
2020-10-27 14:34:42,912 logger DEBUG Epoch[20] loss:0.302238
2020-10-27 14:34:43,145 logger DEBUG Vaildate loss:18.775524
2020-10-27 14:34:52,827 logger DEBUG Epoch[40] loss:0.184585
2020-10-27 14:34:53,035 logger DEBUG Vaildate loss:22.691317
2020-10-27 14:35:02,627 logger DEBUG Epoch[60] loss:0.143565
2020-10-27 14:35:02,857 logger DEBUG Vaildate loss:22.303152
2020-10-27 14:35:12,671 logger DEBUG Epoch[80] loss:0.132985
2020-10-27 14:35:12,924 logger DEBUG Vaildate loss:28.528192
2020-10-27 14:35:22,047 logger DEBUG Epoch[100] loss:0.117823
2020-10-27 14:35:22,272 logger DEBUG Vaildate loss:25.363967
2020-10-27 14:35:31,693 logger DEBUG Epoch[120] loss:0.113199
2020-10-27 14:35:31,926 logger DEBUG Vaildate loss:33.025662
2020-10-27 14:35:41,423 logger DEBUG Epoch[140] loss:0.111101
2020-10-27 14:35:41,649 logger DEBUG Vaildate loss:37.523551
2020-10-27 14:35:50,914 logger DEBUG Epoch[160] loss:0.106922
2020-10-27 14:35:51,143 logger DEBUG Vaildate loss:29.260745
2020-10-27 14:36:00,552 logger DEBUG Epoch[180] loss:0.095933
2020-10-27 14:36:00,784 logger DEBUG Vaildate loss:33.132353
2020-10-27 14:36:10,149 logger DEBUG Epoch[200] loss:0.097431
2020-10-27 14:36:10,372 logger DEBUG Vaildate loss:32.976398
2020-10-27 14:36:20,180 logger DEBUG Epoch[220] loss:0.092734
2020-10-27 14:36:20,405 logger DEBUG Vaildate loss:38.751948
2020-10-27 14:36:30,155 logger DEBUG Epoch[240] loss:0.095632
2020-10-27 14:36:30,374 logger DEBUG Vaildate loss:34.916721
2020-10-27 14:36:39,585 logger DEBUG Epoch[260] loss:0.087232
2020-10-27 14:36:39,820 logger DEBUG Vaildate loss:35.827326
2020-10-27 14:36:49,340 logger DEBUG Epoch[280] loss:0.094040
2020-10-27 14:36:49,564 logger DEBUG Vaildate loss:37.954460
2020-10-27 14:36:59,018 logger DEBUG Epoch[300] loss:0.083863
2020-10-27 14:36:59,262 logger DEBUG Vaildate loss:41.162118
2020-10-27 14:37:08,672 logger DEBUG Epoch[320] loss:0.076957
2020-10-27 14:37:08,887 logger DEBUG Vaildate loss:39.074434
2020-10-27 14:37:18,105 logger DEBUG Epoch[340] loss:0.077485
2020-10-27 14:37:18,340 logger DEBUG Vaildate loss:40.913114
2020-10-27 14:37:27,753 logger DEBUG Epoch[360] loss:0.077215
2020-10-27 14:37:27,961 logger DEBUG Vaildate loss:37.596402
2020-10-27 14:37:37,578 logger DEBUG Epoch[380] loss:0.076834
2020-10-27 14:37:37,802 logger DEBUG Vaildate loss:40.753797
2020-10-27 14:37:47,300 logger DEBUG Epoch[400] loss:0.076837
2020-10-27 14:37:47,505 logger DEBUG Vaildate loss:41.091102
2020-10-27 14:37:56,674 logger DEBUG Epoch[420] loss:0.076326
2020-10-27 14:37:56,890 logger DEBUG Vaildate loss:41.885986
2020-10-27 14:38:06,245 logger DEBUG Epoch[440] loss:0.076847
2020-10-27 14:38:06,458 logger DEBUG Vaildate loss:39.501598
2020-10-27 14:38:15,573 logger DEBUG Epoch[460] loss:0.074803
2020-10-27 14:38:15,795 logger DEBUG Vaildate loss:43.444882
2020-10-27 14:38:25,110 logger DEBUG Epoch[480] loss:0.076705
2020-10-27 14:38:25,335 logger DEBUG Vaildate loss:41.092918
2020-10-27 14:38:35,106 logger DEBUG Epoch[500] loss:0.075012
2020-10-27 14:38:35,338 logger DEBUG Vaildate loss:39.556942
2020-10-27 14:38:45,634 logger DEBUG Epoch[520] loss:0.076099
2020-10-27 14:38:45,868 logger DEBUG Vaildate loss:42.774214
2020-10-27 14:38:55,892 logger DEBUG Epoch[540] loss:0.074231
2020-10-27 14:38:56,123 logger DEBUG Vaildate loss:43.578242
2020-10-27 14:39:05,948 logger DEBUG Epoch[560] loss:0.075495
2020-10-27 14:39:06,214 logger DEBUG Vaildate loss:44.873516
2020-10-27 14:39:15,838 logger DEBUG Epoch[580] loss:0.073464
2020-10-27 14:39:16,072 logger DEBUG Vaildate loss:42.896876
2020-10-27 14:39:28,300 logger DEBUG Epoch[600] loss:0.074382
2020-10-27 14:39:28,647 logger DEBUG Vaildate loss:45.165824
2020-10-27 14:39:41,815 logger DEBUG Epoch[620] loss:0.073286
2020-10-27 14:39:42,041 logger DEBUG Vaildate loss:42.764071
2020-10-27 14:39:51,829 logger DEBUG Epoch[640] loss:0.073849
2020-10-27 14:39:52,066 logger DEBUG Vaildate loss:43.148303
2020-10-27 14:40:02,242 logger DEBUG Epoch[660] loss:0.074546
2020-10-27 14:40:02,468 logger DEBUG Vaildate loss:43.241976
2020-10-27 14:40:11,884 logger DEBUG Epoch[680] loss:0.073000
2020-10-27 14:40:12,115 logger DEBUG Vaildate loss:41.350275
2020-10-27 14:40:21,653 logger DEBUG Epoch[700] loss:0.073266
2020-10-27 14:40:21,877 logger DEBUG Vaildate loss:41.781885
2020-10-27 14:40:31,280 logger DEBUG Epoch[720] loss:0.073347
2020-10-27 14:40:31,516 logger DEBUG Vaildate loss:39.381365
2020-10-27 14:40:40,805 logger DEBUG Epoch[740] loss:0.072627
2020-10-27 14:40:41,032 logger DEBUG Vaildate loss:41.191078
2020-10-27 14:40:50,269 logger DEBUG Epoch[760] loss:0.073106
2020-10-27 14:40:50,490 logger DEBUG Vaildate loss:42.666007
2020-10-27 14:40:59,748 logger DEBUG Epoch[780] loss:0.074617
2020-10-27 14:40:59,980 logger DEBUG Vaildate loss:42.556887
2020-10-27 14:41:09,450 logger DEBUG Epoch[800] loss:0.073391
2020-10-27 14:41:09,681 logger DEBUG Vaildate loss:40.605961
2020-10-27 14:41:18,945 logger DEBUG Epoch[820] loss:0.073002
2020-10-27 14:41:19,176 logger DEBUG Vaildate loss:44.543202
2020-10-27 14:41:28,559 logger DEBUG Epoch[840] loss:0.072770
2020-10-27 14:41:28,785 logger DEBUG Vaildate loss:43.048024
2020-10-27 14:41:38,343 logger DEBUG Epoch[860] loss:0.073418
2020-10-27 14:41:38,569 logger DEBUG Vaildate loss:42.696031
2020-10-27 14:41:48,060 logger DEBUG Epoch[880] loss:0.073058
2020-10-27 14:41:48,292 logger DEBUG Vaildate loss:42.287243
2020-10-27 14:41:58,384 logger DEBUG Epoch[900] loss:0.072295
2020-10-27 14:41:58,620 logger DEBUG Vaildate loss:43.991753
2020-10-27 14:42:08,132 logger DEBUG Epoch[920] loss:0.072785
2020-10-27 14:42:08,344 logger DEBUG Vaildate loss:42.389297
2020-10-27 14:42:17,632 logger DEBUG Epoch[940] loss:0.072011
2020-10-27 14:42:17,861 logger DEBUG Vaildate loss:45.103306
2020-10-27 14:42:27,376 logger DEBUG Epoch[960] loss:0.072945
2020-10-27 14:42:27,601 logger DEBUG Vaildate loss:42.042797
2020-10-27 14:42:37,108 logger DEBUG Epoch[980] loss:0.072262
2020-10-27 14:42:37,348 logger DEBUG Vaildate loss:43.248144
2020-10-27 14:42:46,519 logger DEBUG Epoch[1000] loss:0.072612
2020-10-27 14:42:46,737 logger DEBUG Vaildate loss:42.134220
2020-10-27 14:42:56,182 logger DEBUG Epoch[1020] loss:0.073106
2020-10-27 14:42:56,395 logger DEBUG Vaildate loss:43.548126
2020-10-27 14:43:05,919 logger DEBUG Epoch[1040] loss:0.073090
2020-10-27 14:43:06,154 logger DEBUG Vaildate loss:42.500744
2020-10-27 14:43:16,750 logger DEBUG Epoch[1060] loss:0.072687
2020-10-27 14:43:16,981 logger DEBUG Vaildate loss:44.482621
2020-10-27 14:43:27,574 logger DEBUG Epoch[1080] loss:0.072666
2020-10-27 14:43:27,816 logger DEBUG Vaildate loss:42.580529
2020-10-27 14:43:37,186 logger DEBUG Epoch[1100] loss:0.072620
2020-10-27 14:43:37,411 logger DEBUG Vaildate loss:43.635537
2020-10-27 14:43:46,981 logger DEBUG Epoch[1120] loss:0.073225
2020-10-27 14:43:47,207 logger DEBUG Vaildate loss:43.634534
2020-10-27 14:43:56,632 logger DEBUG Epoch[1140] loss:0.072551
2020-10-27 14:43:56,850 logger DEBUG Vaildate loss:43.661808
2020-10-27 14:44:06,486 logger DEBUG Epoch[1160] loss:0.072291
2020-10-27 14:44:06,712 logger DEBUG Vaildate loss:45.049446
2020-10-27 14:44:16,294 logger DEBUG Epoch[1180] loss:0.072797
2020-10-27 14:44:16,543 logger DEBUG Vaildate loss:45.238278
2020-10-27 14:44:26,177 logger DEBUG Epoch[1200] loss:0.072813
2020-10-27 14:44:26,404 logger DEBUG Vaildate loss:45.868599
2020-10-27 14:44:35,445 logger DEBUG Epoch[1220] loss:0.073548
2020-10-27 14:44:35,658 logger DEBUG Vaildate loss:44.746116
2020-10-27 14:44:44,865 logger DEBUG Epoch[1240] loss:0.072695
2020-10-27 14:44:45,113 logger DEBUG Vaildate loss:44.765413
2020-10-27 14:44:54,811 logger DEBUG Epoch[1260] loss:0.072413
2020-10-27 14:44:55,037 logger DEBUG Vaildate loss:45.168782
2020-10-27 14:45:04,623 logger DEBUG Epoch[1280] loss:0.072406
2020-10-27 14:45:04,853 logger DEBUG Vaildate loss:46.704223
2020-10-27 14:45:14,497 logger DEBUG Epoch[1300] loss:0.072572
2020-10-27 14:45:14,733 logger DEBUG Vaildate loss:44.660853
2020-10-27 14:45:24,394 logger DEBUG Epoch[1320] loss:0.072452
2020-10-27 14:45:24,628 logger DEBUG Vaildate loss:43.515556
2020-10-27 14:45:34,075 logger DEBUG Epoch[1340] loss:0.072401
2020-10-27 14:45:34,288 logger DEBUG Vaildate loss:47.586076
2020-10-27 14:45:43,660 logger DEBUG Epoch[1360] loss:0.072200
2020-10-27 14:45:43,877 logger DEBUG Vaildate loss:46.075280
2020-10-27 14:45:53,308 logger DEBUG Epoch[1380] loss:0.073928
2020-10-27 14:45:53,520 logger DEBUG Vaildate loss:45.423327
2020-10-27 14:46:03,830 logger DEBUG hidden_layers=2, hidden_size=128, batch_size=1000, learning_rate=0.000500
2020-10-27 14:46:07,265 logger DEBUG Epoch[0] loss:10.446947
2020-10-27 14:46:07,466 logger DEBUG Vaildate loss:10.763338
2020-10-27 14:46:16,635 logger DEBUG Epoch[20] loss:1.260026
2020-10-27 14:46:16,859 logger DEBUG Vaildate loss:11.210265
2020-10-27 14:46:26,782 logger DEBUG Epoch[40] loss:0.676758
2020-10-27 14:46:27,019 logger DEBUG Vaildate loss:13.235431
2020-10-27 14:46:37,663 logger DEBUG Epoch[60] loss:0.455675
2020-10-27 14:46:37,898 logger DEBUG Vaildate loss:16.329544
2020-10-27 14:46:48,469 logger DEBUG Epoch[80] loss:0.370763
2020-10-27 14:46:48,692 logger DEBUG Vaildate loss:18.606195
2020-10-27 14:46:58,191 logger DEBUG Epoch[100] loss:0.310638
2020-10-27 14:46:58,402 logger DEBUG Vaildate loss:20.235389
2020-10-27 14:47:07,962 logger DEBUG Epoch[120] loss:0.278529
2020-10-27 14:47:08,181 logger DEBUG Vaildate loss:19.544284
2020-10-27 14:47:17,837 logger DEBUG Epoch[140] loss:0.245938
2020-10-27 14:47:18,063 logger DEBUG Vaildate loss:21.303435
2020-10-27 14:47:27,605 logger DEBUG Epoch[160] loss:0.231751
2020-10-27 14:47:27,839 logger DEBUG Vaildate loss:25.252932
2020-10-27 14:47:37,624 logger DEBUG Epoch[180] loss:0.213485
2020-10-27 14:47:37,842 logger DEBUG Vaildate loss:23.685631
2020-10-27 14:47:47,710 logger DEBUG Epoch[200] loss:0.199037
2020-10-27 14:47:47,942 logger DEBUG Vaildate loss:27.121798
2020-10-27 14:47:57,428 logger DEBUG Epoch[220] loss:0.192592
2020-10-27 14:47:57,662 logger DEBUG Vaildate loss:25.874548
2020-10-27 14:48:07,366 logger DEBUG Epoch[240] loss:0.183186
2020-10-27 14:48:07,605 logger DEBUG Vaildate loss:30.177893
2020-10-27 14:48:17,473 logger DEBUG Epoch[260] loss:0.172296
2020-10-27 14:48:17,709 logger DEBUG Vaildate loss:27.051111
2020-10-27 14:48:27,199 logger DEBUG Epoch[280] loss:0.170222
2020-10-27 14:48:27,420 logger DEBUG Vaildate loss:28.718259
2020-10-27 14:48:36,781 logger DEBUG Epoch[300] loss:0.146021
2020-10-27 14:48:37,012 logger DEBUG Vaildate loss:28.060906
2020-10-27 14:48:46,765 logger DEBUG Epoch[320] loss:0.139669
2020-10-27 14:48:47,003 logger DEBUG Vaildate loss:28.533358
2020-10-27 14:48:56,149 logger DEBUG Epoch[340] loss:0.134038
2020-10-27 14:48:56,362 logger DEBUG Vaildate loss:30.083528
2020-10-27 14:49:05,771 logger DEBUG Epoch[360] loss:0.133837
2020-10-27 14:49:05,988 logger DEBUG Vaildate loss:29.421470
2020-10-27 14:49:15,225 logger DEBUG Epoch[380] loss:0.132222
2020-10-27 14:49:15,434 logger DEBUG Vaildate loss:30.323575
2020-10-27 14:49:24,821 logger DEBUG Epoch[400] loss:0.128488
2020-10-27 14:49:25,037 logger DEBUG Vaildate loss:30.554667
2020-10-27 14:49:34,773 logger DEBUG Epoch[420] loss:0.127800
2020-10-27 14:49:34,986 logger DEBUG Vaildate loss:29.979725
2020-10-27 14:49:44,443 logger DEBUG Epoch[440] loss:0.126512
2020-10-27 14:49:44,663 logger DEBUG Vaildate loss:31.643510
2020-10-27 14:49:54,093 logger DEBUG Epoch[460] loss:0.125253
2020-10-27 14:49:54,298 logger DEBUG Vaildate loss:30.985476
2020-10-27 14:52:03,686 logger DEBUG hidden_layers=2, hidden_size=128, batch_size=1000, learning_rate=0.000500
2020-10-27 14:52:07,259 logger DEBUG Epoch[0] loss:11.239184
2020-10-27 14:52:07,478 logger DEBUG Vaildate loss:10.821766
2020-10-27 14:52:17,547 logger DEBUG Epoch[20] loss:4.634117
2020-10-27 14:52:17,774 logger DEBUG Vaildate loss:8.424935
2020-10-27 14:52:28,411 logger DEBUG Epoch[40] loss:3.725549
2020-10-27 14:52:28,657 logger DEBUG Vaildate loss:9.494830
2020-10-27 14:52:39,137 logger DEBUG Epoch[60] loss:3.359829
2020-10-27 14:52:39,364 logger DEBUG Vaildate loss:10.200368
2020-10-27 14:52:49,290 logger DEBUG Epoch[80] loss:3.253047
2020-10-27 14:52:49,516 logger DEBUG Vaildate loss:10.104916
2020-10-27 14:52:59,323 logger DEBUG Epoch[100] loss:3.154727
2020-10-27 14:52:59,555 logger DEBUG Vaildate loss:10.042914
2020-10-27 14:53:09,196 logger DEBUG Epoch[120] loss:3.051983
2020-10-27 14:53:09,419 logger DEBUG Vaildate loss:10.207317
2020-10-27 14:53:19,360 logger DEBUG Epoch[140] loss:2.994877
2020-10-27 14:53:19,588 logger DEBUG Vaildate loss:9.965738
2020-10-27 14:53:29,397 logger DEBUG Epoch[160] loss:2.988858
2020-10-27 14:53:29,630 logger DEBUG Vaildate loss:10.241203
2020-10-27 14:53:40,802 logger DEBUG Epoch[180] loss:2.932155
2020-10-27 14:53:41,055 logger DEBUG Vaildate loss:10.869259
2020-10-27 14:53:51,542 logger DEBUG Epoch[200] loss:2.895845
2020-10-27 14:53:51,767 logger DEBUG Vaildate loss:10.070176
2020-10-27 14:54:02,018 logger DEBUG Epoch[220] loss:2.848630
2020-10-27 14:54:02,244 logger DEBUG Vaildate loss:10.760081
2020-10-27 14:54:11,869 logger DEBUG Epoch[240] loss:2.779985
2020-10-27 14:54:12,087 logger DEBUG Vaildate loss:10.421620
2020-10-27 14:54:21,789 logger DEBUG Epoch[260] loss:2.755397
2020-10-27 14:54:22,012 logger DEBUG Vaildate loss:10.804215
2020-10-27 14:54:31,677 logger DEBUG Epoch[280] loss:2.759369
2020-10-27 14:54:31,903 logger DEBUG Vaildate loss:11.612503
2020-10-27 14:54:41,618 logger DEBUG Epoch[300] loss:2.705007
2020-10-27 14:54:41,859 logger DEBUG Vaildate loss:11.193544
2020-10-27 14:54:52,360 logger DEBUG Epoch[320] loss:2.666228
2020-10-27 14:54:52,606 logger DEBUG Vaildate loss:11.272388
2020-10-27 14:55:03,406 logger DEBUG Epoch[340] loss:2.613004
2020-10-27 14:55:03,676 logger DEBUG Vaildate loss:11.205541
2020-10-27 14:55:13,917 logger DEBUG Epoch[360] loss:2.630626
2020-10-27 14:55:14,147 logger DEBUG Vaildate loss:11.518160
2020-10-27 14:55:24,172 logger DEBUG Epoch[380] loss:2.643194
2020-10-27 14:55:24,421 logger DEBUG Vaildate loss:11.040522
2020-10-27 14:55:34,454 logger DEBUG Epoch[400] loss:2.605678
2020-10-27 14:55:34,685 logger DEBUG Vaildate loss:11.572145
2020-10-27 14:55:44,401 logger DEBUG Epoch[420] loss:2.605608
2020-10-27 14:55:44,630 logger DEBUG Vaildate loss:11.694066
2020-10-27 14:55:54,277 logger DEBUG Epoch[440] loss:2.610001
2020-10-27 14:55:54,493 logger DEBUG Vaildate loss:11.519765
2020-10-27 14:56:04,546 logger DEBUG Epoch[460] loss:2.579872
2020-10-27 14:56:04,788 logger DEBUG Vaildate loss:11.701690
2020-10-27 14:56:14,898 logger DEBUG Epoch[480] loss:2.568960
2020-10-27 14:56:15,145 logger DEBUG Vaildate loss:11.852735
2020-10-27 14:56:24,954 logger DEBUG Epoch[500] loss:2.571558
2020-10-27 14:56:25,197 logger DEBUG Vaildate loss:12.117665
2020-10-27 14:56:35,414 logger DEBUG Epoch[520] loss:2.607285
2020-10-27 14:56:35,665 logger DEBUG Vaildate loss:11.474651
2020-10-27 14:56:45,741 logger DEBUG Epoch[540] loss:2.565567
2020-10-27 14:56:45,984 logger DEBUG Vaildate loss:11.544256
2020-10-27 14:56:55,635 logger DEBUG Epoch[560] loss:2.584917
2020-10-27 14:56:55,864 logger DEBUG Vaildate loss:11.414042
2020-10-27 14:57:05,912 logger DEBUG Epoch[580] loss:2.551953
2020-10-27 14:57:06,151 logger DEBUG Vaildate loss:11.616970
2020-10-27 14:57:16,061 logger DEBUG Epoch[600] loss:2.586268
2020-10-27 14:57:16,305 logger DEBUG Vaildate loss:11.939331
2020-10-27 14:57:26,271 logger DEBUG Epoch[620] loss:2.537757
2020-10-27 14:57:26,513 logger DEBUG Vaildate loss:11.784578
2020-10-27 14:57:36,285 logger DEBUG Epoch[640] loss:2.521757
2020-10-27 14:57:36,526 logger DEBUG Vaildate loss:12.026840
2020-10-27 14:57:46,271 logger DEBUG Epoch[660] loss:2.529421
2020-10-27 14:57:46,527 logger DEBUG Vaildate loss:11.881552
2020-10-27 14:57:56,328 logger DEBUG Epoch[680] loss:2.533158
2020-10-27 14:57:56,561 logger DEBUG Vaildate loss:11.510341
2020-10-27 14:58:06,399 logger DEBUG Epoch[700] loss:2.535741
2020-10-27 14:58:06,632 logger DEBUG Vaildate loss:12.334617
2020-10-27 14:58:16,382 logger DEBUG Epoch[720] loss:2.547558
2020-10-27 14:58:16,622 logger DEBUG Vaildate loss:11.889088
2020-10-27 14:58:26,470 logger DEBUG Epoch[740] loss:2.516228
2020-10-27 14:58:26,709 logger DEBUG Vaildate loss:11.958556
2020-10-27 14:58:36,606 logger DEBUG Epoch[760] loss:2.525665
2020-10-27 14:58:36,849 logger DEBUG Vaildate loss:11.475202
2020-10-27 14:58:46,885 logger DEBUG Epoch[780] loss:2.532221
2020-10-27 14:58:47,123 logger DEBUG Vaildate loss:11.760370
2020-10-27 14:58:56,873 logger DEBUG Epoch[800] loss:2.528147
2020-10-27 14:58:57,103 logger DEBUG Vaildate loss:11.964936
2020-10-27 14:59:07,099 logger DEBUG Epoch[820] loss:2.547925
2020-10-27 14:59:07,350 logger DEBUG Vaildate loss:11.766437
2020-10-27 14:59:17,230 logger DEBUG Epoch[840] loss:2.543498
2020-10-27 14:59:17,473 logger DEBUG Vaildate loss:11.914359
2020-10-27 14:59:27,243 logger DEBUG Epoch[860] loss:2.553268
2020-10-27 14:59:27,479 logger DEBUG Vaildate loss:12.056575
2020-10-27 14:59:37,122 logger DEBUG Epoch[880] loss:2.532656
2020-10-27 14:59:37,366 logger DEBUG Vaildate loss:11.810157
2020-10-27 14:59:47,431 logger DEBUG Epoch[900] loss:2.528218
2020-10-27 14:59:47,677 logger DEBUG Vaildate loss:11.547709
2020-10-27 14:59:57,761 logger DEBUG Epoch[920] loss:2.534725
2020-10-27 14:59:57,998 logger DEBUG Vaildate loss:11.494691
2020-10-27 15:00:07,991 logger DEBUG Epoch[940] loss:2.543702
2020-10-27 15:00:08,230 logger DEBUG Vaildate loss:11.887809
2020-10-27 15:00:18,437 logger DEBUG Epoch[960] loss:2.514397
2020-10-27 15:00:18,676 logger DEBUG Vaildate loss:11.523414
2020-10-27 15:00:28,697 logger DEBUG Epoch[980] loss:2.499403
2020-10-27 15:00:28,925 logger DEBUG Vaildate loss:11.889335
2020-10-27 15:00:38,985 logger DEBUG Epoch[1000] loss:2.561679
2020-10-27 15:00:39,218 logger DEBUG Vaildate loss:12.079152
2020-10-27 15:00:49,364 logger DEBUG Epoch[1020] loss:2.509623
2020-10-27 15:00:49,612 logger DEBUG Vaildate loss:11.801472
2020-10-27 15:00:59,495 logger DEBUG Epoch[1040] loss:2.514414
2020-10-27 15:00:59,719 logger DEBUG Vaildate loss:11.870629
2020-10-27 15:01:09,709 logger DEBUG Epoch[1060] loss:2.488810
2020-10-27 15:01:09,959 logger DEBUG Vaildate loss:11.755284
2020-10-27 15:01:20,159 logger DEBUG Epoch[1080] loss:2.527674
2020-10-27 15:01:20,417 logger DEBUG Vaildate loss:11.583501
2020-10-27 15:01:30,542 logger DEBUG Epoch[1100] loss:2.511268
2020-10-27 15:01:30,779 logger DEBUG Vaildate loss:11.501453
2020-10-27 15:01:40,877 logger DEBUG Epoch[1120] loss:2.511748
2020-10-27 15:01:41,125 logger DEBUG Vaildate loss:11.681917
2020-10-27 15:01:50,969 logger DEBUG Epoch[1140] loss:2.507233
2020-10-27 15:01:51,201 logger DEBUG Vaildate loss:11.777234
2020-10-27 15:02:01,290 logger DEBUG Epoch[1160] loss:2.503615
2020-10-27 15:02:01,527 logger DEBUG Vaildate loss:11.952138
2020-10-27 15:02:11,240 logger DEBUG Epoch[1180] loss:2.501549
2020-10-27 15:02:11,477 logger DEBUG Vaildate loss:11.110212
2020-10-27 15:02:21,180 logger DEBUG Epoch[1200] loss:2.506449
2020-10-27 15:02:21,420 logger DEBUG Vaildate loss:12.018035
2020-10-27 15:02:31,269 logger DEBUG Epoch[1220] loss:2.548058
2020-10-27 15:02:31,520 logger DEBUG Vaildate loss:12.124147
2020-10-27 15:02:41,746 logger DEBUG Epoch[1240] loss:2.513818
2020-10-27 15:02:41,986 logger DEBUG Vaildate loss:12.033634
2020-10-27 15:02:51,978 logger DEBUG Epoch[1260] loss:2.520677
2020-10-27 15:02:52,229 logger DEBUG Vaildate loss:11.875753
2020-10-27 15:03:02,287 logger DEBUG Epoch[1280] loss:2.498960
2020-10-27 15:03:02,518 logger DEBUG Vaildate loss:12.036078
2020-10-27 15:03:12,577 logger DEBUG Epoch[1300] loss:2.500236
2020-10-27 15:03:12,805 logger DEBUG Vaildate loss:11.670337
2020-10-27 15:03:22,799 logger DEBUG Epoch[1320] loss:2.540007
2020-10-27 15:03:23,020 logger DEBUG Vaildate loss:11.876190
2020-10-27 15:03:32,758 logger DEBUG Epoch[1340] loss:2.517613
2020-10-27 15:03:32,999 logger DEBUG Vaildate loss:11.883901
2020-10-27 15:03:42,755 logger DEBUG Epoch[1360] loss:2.460408
2020-10-27 15:03:42,994 logger DEBUG Vaildate loss:12.193508
2020-10-27 15:03:53,047 logger DEBUG Epoch[1380] loss:2.481757
2020-10-27 15:03:53,289 logger DEBUG Vaildate loss:11.962440
2020-10-27 15:04:03,726 logger DEBUG Epoch[1400] loss:2.506031
2020-10-27 15:04:03,967 logger DEBUG Vaildate loss:12.104564
2020-10-27 15:04:13,915 logger DEBUG Epoch[1420] loss:2.536046
2020-10-27 15:04:14,159 logger DEBUG Vaildate loss:12.215193
2020-10-27 15:04:24,115 logger DEBUG Epoch[1440] loss:2.481614
2020-10-27 15:04:24,357 logger DEBUG Vaildate loss:11.830910
2020-10-27 15:04:34,722 logger DEBUG Epoch[1460] loss:2.501106
2020-10-27 15:04:34,964 logger DEBUG Vaildate loss:12.080206
2020-10-27 15:04:45,251 logger DEBUG Epoch[1480] loss:2.495414
2020-10-27 15:04:45,494 logger DEBUG Vaildate loss:11.984813
2020-10-27 15:04:55,400 logger DEBUG Epoch[1500] loss:2.473900
2020-10-27 15:04:55,632 logger DEBUG Vaildate loss:11.730298
2020-10-27 15:05:05,525 logger DEBUG Epoch[1520] loss:2.514751
2020-10-27 15:05:05,767 logger DEBUG Vaildate loss:11.688793
2020-10-27 15:05:15,758 logger DEBUG Epoch[1540] loss:2.495166
2020-10-27 15:05:16,002 logger DEBUG Vaildate loss:11.736791
2020-10-27 15:05:25,916 logger DEBUG Epoch[1560] loss:2.496322
2020-10-27 15:05:26,145 logger DEBUG Vaildate loss:12.227636
2020-10-27 15:05:36,110 logger DEBUG Epoch[1580] loss:2.465241
2020-10-27 15:05:36,355 logger DEBUG Vaildate loss:12.381535
2020-10-27 15:05:46,431 logger DEBUG Epoch[1600] loss:2.504275
2020-10-27 15:05:46,684 logger DEBUG Vaildate loss:12.235249
2020-10-27 15:05:56,907 logger DEBUG Epoch[1620] loss:2.456806
2020-10-27 15:05:57,147 logger DEBUG Vaildate loss:12.133337
2020-10-27 15:06:07,016 logger DEBUG Epoch[1640] loss:2.484334
2020-10-27 15:06:07,260 logger DEBUG Vaildate loss:12.244907
2020-10-27 15:06:17,232 logger DEBUG Epoch[1660] loss:2.480219
2020-10-27 15:06:17,485 logger DEBUG Vaildate loss:12.164346
2020-10-27 15:06:27,675 logger DEBUG Epoch[1680] loss:2.458917
2020-10-27 15:06:27,908 logger DEBUG Vaildate loss:11.934224
2020-10-27 15:06:37,907 logger DEBUG Epoch[1700] loss:2.460389
2020-10-27 15:06:38,157 logger DEBUG Vaildate loss:11.851966
2020-10-27 15:06:48,066 logger DEBUG Epoch[1720] loss:2.472097
2020-10-27 15:06:48,300 logger DEBUG Vaildate loss:11.738109
2020-10-27 15:06:58,219 logger DEBUG Epoch[1740] loss:2.468152
2020-10-27 15:06:58,464 logger DEBUG Vaildate loss:11.911282
2020-10-27 15:07:08,275 logger DEBUG Epoch[1760] loss:2.478977
2020-10-27 15:07:08,515 logger DEBUG Vaildate loss:11.788523
2020-10-27 15:07:18,279 logger DEBUG Epoch[1780] loss:2.477335
2020-10-27 15:07:18,523 logger DEBUG Vaildate loss:11.903762
2020-10-27 15:07:28,446 logger DEBUG Epoch[1800] loss:2.466136
2020-10-27 15:07:28,671 logger DEBUG Vaildate loss:12.018917
2020-10-27 15:07:38,675 logger DEBUG Epoch[1820] loss:2.466004
2020-10-27 15:07:38,914 logger DEBUG Vaildate loss:11.867105
2020-10-27 15:07:48,865 logger DEBUG Epoch[1840] loss:2.444915
2020-10-27 15:07:49,110 logger DEBUG Vaildate loss:11.967264
2020-10-27 15:07:59,418 logger DEBUG Epoch[1860] loss:2.476142
2020-10-27 15:07:59,656 logger DEBUG Vaildate loss:11.625704
2020-10-27 15:08:10,065 logger DEBUG Epoch[1880] loss:2.454709
2020-10-27 15:08:10,308 logger DEBUG Vaildate loss:11.947753
2020-10-27 15:08:20,323 logger DEBUG Epoch[1900] loss:2.477623
2020-10-27 15:08:20,550 logger DEBUG Vaildate loss:11.903321
2020-10-27 15:08:30,334 logger DEBUG Epoch[1920] loss:2.464918
2020-10-27 15:08:30,576 logger DEBUG Vaildate loss:11.976264
2020-10-27 15:08:40,572 logger DEBUG Epoch[1940] loss:2.470722
2020-10-27 15:08:40,812 logger DEBUG Vaildate loss:12.141528
2020-10-27 15:08:50,947 logger DEBUG Epoch[1960] loss:2.464649
2020-10-27 15:08:51,183 logger DEBUG Vaildate loss:11.322553
2020-10-27 15:09:01,455 logger DEBUG Epoch[1980] loss:2.428205
2020-10-27 15:09:01,699 logger DEBUG Vaildate loss:11.718921
2020-10-27 15:09:11,139 logger DEBUG training finish.
2020-10-27 15:09:11,140 logger DEBUG  
 
 

