2020-10-27 09:17:34,201 logger DEBUG hidden_layers=6, hidden_size=1024, batch_size=1000, learning_rate=0.000500
2020-10-27 09:17:38,016 logger DEBUG Epoch[0] loss:5.266800
2020-10-27 09:17:50,578 logger DEBUG Epoch[20] loss:0.127156
2020-10-27 09:18:02,543 logger DEBUG Epoch[40] loss:0.089127
2020-10-27 09:18:14,682 logger DEBUG Epoch[60] loss:0.107361
2020-10-27 09:18:26,633 logger DEBUG Epoch[80] loss:0.096696
2020-10-27 09:18:38,636 logger DEBUG Epoch[100] loss:0.091134
2020-10-27 09:18:50,683 logger DEBUG Epoch[120] loss:0.102726
2020-10-27 09:19:02,826 logger DEBUG Epoch[140] loss:0.077522
2020-10-27 09:19:14,692 logger DEBUG Epoch[160] loss:0.078093
2020-10-27 09:19:26,678 logger DEBUG Epoch[180] loss:0.096865
2020-10-27 09:19:38,389 logger DEBUG Epoch[200] loss:0.083797
2020-10-27 09:19:50,429 logger DEBUG Epoch[220] loss:0.080499
2020-10-27 09:20:02,384 logger DEBUG Epoch[240] loss:0.093843
2020-10-27 09:20:14,431 logger DEBUG Epoch[260] loss:0.084359
2020-10-27 09:20:26,699 logger DEBUG Epoch[280] loss:0.100367
2020-10-27 09:20:38,704 logger DEBUG Epoch[300] loss:0.071308
2020-10-27 09:20:50,595 logger DEBUG Epoch[320] loss:0.070081
2020-10-27 09:21:02,626 logger DEBUG Epoch[340] loss:0.069622
2020-10-27 09:21:15,087 logger DEBUG Epoch[360] loss:0.068179
2020-10-27 09:21:27,493 logger DEBUG Epoch[380] loss:0.068757
2020-10-27 09:21:39,543 logger DEBUG Epoch[400] loss:0.067775
2020-10-27 09:21:51,574 logger DEBUG Epoch[420] loss:0.068044
2020-10-27 09:22:03,939 logger DEBUG Epoch[440] loss:0.067448
2020-10-27 09:22:15,912 logger DEBUG Epoch[460] loss:0.070422
2020-10-27 09:22:28,290 logger DEBUG Epoch[480] loss:0.067301
2020-10-27 09:22:41,302 logger DEBUG Epoch[500] loss:0.071549
2020-10-27 09:22:53,313 logger DEBUG Epoch[520] loss:0.068160
2020-10-27 09:23:06,087 logger DEBUG Epoch[540] loss:0.071353
2020-10-27 09:23:18,196 logger DEBUG Epoch[560] loss:0.068133
2020-10-27 09:23:30,346 logger DEBUG Epoch[580] loss:0.067615
2020-10-27 09:23:42,344 logger DEBUG Epoch[600] loss:0.067941
2020-10-27 09:23:54,448 logger DEBUG Epoch[620] loss:0.067132
2020-10-27 09:24:06,616 logger DEBUG Epoch[640] loss:0.066895
2020-10-27 09:24:18,700 logger DEBUG Epoch[660] loss:0.067199
2020-10-27 09:24:31,627 logger DEBUG Epoch[680] loss:0.067178
2020-10-27 09:24:43,713 logger DEBUG Epoch[700] loss:0.067253
2020-10-27 09:24:55,905 logger DEBUG Epoch[720] loss:0.066231
2020-10-27 09:25:07,898 logger DEBUG Epoch[740] loss:0.066967
2020-10-27 09:25:19,833 logger DEBUG Epoch[760] loss:0.066277
2020-10-27 09:25:32,187 logger DEBUG Epoch[780] loss:0.067883
2020-10-27 09:25:44,069 logger DEBUG Epoch[800] loss:0.067606
2020-10-27 09:25:56,067 logger DEBUG Epoch[820] loss:0.066195
2020-10-27 09:26:08,032 logger DEBUG Epoch[840] loss:0.067909
2020-10-27 09:26:20,576 logger DEBUG Epoch[860] loss:0.066741
2020-10-27 09:26:32,971 logger DEBUG Epoch[880] loss:0.066513
2020-10-27 09:26:45,409 logger DEBUG Epoch[900] loss:0.067002
2020-10-27 09:26:58,822 logger DEBUG Epoch[920] loss:0.066578
2020-10-27 09:27:12,061 logger DEBUG Epoch[940] loss:0.066898
2020-10-27 09:27:25,053 logger DEBUG Epoch[960] loss:0.068381
2020-10-27 09:27:36,790 logger DEBUG Epoch[980] loss:0.066443
2020-10-27 09:27:49,260 logger DEBUG Epoch[1000] loss:0.066167
2020-10-27 09:28:01,334 logger DEBUG Epoch[1020] loss:0.066490
2020-10-27 09:28:13,228 logger DEBUG Epoch[1040] loss:0.066585
2020-10-27 09:28:25,067 logger DEBUG Epoch[1060] loss:0.066261
2020-10-27 09:28:36,899 logger DEBUG Epoch[1080] loss:0.066276
2020-10-27 09:28:48,722 logger DEBUG Epoch[1100] loss:0.066674
2020-10-27 09:29:00,703 logger DEBUG Epoch[1120] loss:0.066348
2020-10-27 09:29:12,549 logger DEBUG Epoch[1140] loss:0.065672
2020-10-27 09:29:24,234 logger DEBUG Epoch[1160] loss:0.066118
2020-10-27 09:29:36,356 logger DEBUG Epoch[1180] loss:0.065354
2020-10-27 09:29:48,515 logger DEBUG Epoch[1200] loss:0.066452
2020-10-27 09:30:00,508 logger DEBUG Epoch[1220] loss:0.066454
2020-10-27 09:30:12,698 logger DEBUG Epoch[1240] loss:0.066546
2020-10-27 09:30:25,367 logger DEBUG Epoch[1260] loss:0.066574
2020-10-27 09:30:37,274 logger DEBUG Epoch[1280] loss:0.066435
2020-10-27 09:30:49,630 logger DEBUG Epoch[1300] loss:0.067033
2020-10-27 09:31:01,663 logger DEBUG Epoch[1320] loss:0.065061
2020-10-27 09:31:14,042 logger DEBUG Epoch[1340] loss:0.067755
2020-10-27 09:31:25,717 logger DEBUG Epoch[1360] loss:0.065899
2020-10-27 09:31:37,502 logger DEBUG Epoch[1380] loss:0.065445
2020-10-27 09:31:49,788 logger DEBUG Epoch[1400] loss:0.066147
2020-10-27 09:32:01,945 logger DEBUG Epoch[1420] loss:0.064688
2020-10-27 09:32:13,737 logger DEBUG Epoch[1440] loss:0.066181
2020-10-27 09:32:25,632 logger DEBUG Epoch[1460] loss:0.065927
2020-10-27 09:32:38,392 logger DEBUG Epoch[1480] loss:0.067331
2020-10-27 09:32:50,562 logger DEBUG Epoch[1500] loss:0.066045
2020-10-27 09:33:02,547 logger DEBUG Epoch[1520] loss:0.066804
2020-10-27 09:33:14,432 logger DEBUG Epoch[1540] loss:0.065824
2020-10-27 09:33:26,122 logger DEBUG Epoch[1560] loss:0.065236
2020-10-27 09:33:38,073 logger DEBUG Epoch[1580] loss:0.064879
2020-10-27 09:33:50,427 logger DEBUG Epoch[1600] loss:0.065598
2020-10-27 09:34:02,393 logger DEBUG Epoch[1620] loss:0.064833
2020-10-27 09:34:14,447 logger DEBUG Epoch[1640] loss:0.065696
2020-10-27 09:34:27,132 logger DEBUG Epoch[1660] loss:0.064638
2020-10-27 09:34:38,878 logger DEBUG Epoch[1680] loss:0.066457
2020-10-27 09:34:50,484 logger DEBUG Epoch[1700] loss:0.064454
2020-10-27 09:35:02,257 logger DEBUG Epoch[1720] loss:0.064735
2020-10-27 09:35:14,165 logger DEBUG Epoch[1740] loss:0.067120
2020-10-27 09:35:26,123 logger DEBUG Epoch[1760] loss:0.064839
2020-10-27 09:35:38,284 logger DEBUG Epoch[1780] loss:0.067709
2020-10-27 09:35:50,263 logger DEBUG Epoch[1800] loss:0.063801
2020-10-27 09:36:02,079 logger DEBUG Epoch[1820] loss:0.064104
2020-10-27 09:36:14,089 logger DEBUG Epoch[1840] loss:0.063605
2020-10-27 09:36:26,339 logger DEBUG Epoch[1860] loss:0.064687
2020-10-27 09:36:38,299 logger DEBUG Epoch[1880] loss:0.064524
2020-10-27 09:36:51,113 logger DEBUG Epoch[1900] loss:0.064982
2020-10-27 09:37:04,096 logger DEBUG Epoch[1920] loss:0.064967
2020-10-27 09:37:15,760 logger DEBUG Epoch[1940] loss:0.064318
2020-10-27 09:37:27,455 logger DEBUG Epoch[1960] loss:0.063992
2020-10-27 09:37:39,126 logger DEBUG Epoch[1980] loss:0.064715
2020-10-27 09:37:50,755 logger DEBUG training finish.
2020-10-27 09:37:50,755 logger DEBUG  
 
 

2020-10-27 10:04:56,199 logger DEBUG hidden_layers=5, hidden_size=1024, batch_size=1000, learning_rate=0.000500
2020-10-27 10:05:38,436 logger DEBUG hidden_layers=5, hidden_size=1024, batch_size=1000, learning_rate=0.000500
2020-10-27 10:06:11,512 logger DEBUG hidden_layers=5, hidden_size=1024, batch_size=1000, learning_rate=0.000500
2020-10-27 10:06:27,279 logger DEBUG hidden_layers=5, hidden_size=1024, batch_size=1000, learning_rate=0.000500
2020-10-27 10:07:40,201 logger DEBUG hidden_layers=5, hidden_size=1024, batch_size=1000, learning_rate=0.000500
2020-10-27 10:10:12,798 logger DEBUG hidden_layers=5, hidden_size=1024, batch_size=1000, learning_rate=0.000500
2020-10-27 10:10:16,984 logger DEBUG Epoch[0] loss:6.034169
2020-10-27 10:10:17,235 logger DEBUG Vaildate loss:10.928641
2020-10-27 10:10:28,133 logger DEBUG Epoch[20] loss:0.130458
2020-10-27 10:10:28,374 logger DEBUG Vaildate loss:0.130038
2020-10-27 10:10:39,144 logger DEBUG Epoch[40] loss:0.094748
2020-10-27 10:10:39,421 logger DEBUG Vaildate loss:0.106938
2020-10-27 10:10:50,363 logger DEBUG Epoch[60] loss:0.121849
2020-10-27 10:10:50,631 logger DEBUG Vaildate loss:0.146845
2020-10-27 10:11:01,346 logger DEBUG Epoch[80] loss:0.113022
2020-10-27 10:11:01,588 logger DEBUG Vaildate loss:0.147010
2020-10-27 10:11:12,466 logger DEBUG Epoch[100] loss:0.094581
2020-10-27 10:11:12,698 logger DEBUG Vaildate loss:0.126937
2020-10-27 10:11:23,527 logger DEBUG Epoch[120] loss:0.092924
2020-10-27 10:11:23,768 logger DEBUG Vaildate loss:0.142674
2020-10-27 10:11:34,944 logger DEBUG Epoch[140] loss:0.076092
2020-10-27 10:11:35,211 logger DEBUG Vaildate loss:0.096533
2020-10-27 10:11:47,345 logger DEBUG Epoch[160] loss:0.085296
2020-10-27 10:11:47,589 logger DEBUG Vaildate loss:0.112973
2020-10-27 10:11:58,239 logger DEBUG Epoch[180] loss:0.074931
2020-10-27 10:11:58,503 logger DEBUG Vaildate loss:0.104816
2020-10-27 10:12:09,785 logger DEBUG Epoch[200] loss:0.081597
2020-10-27 10:12:10,049 logger DEBUG Vaildate loss:0.098732
2020-10-27 10:12:20,715 logger DEBUG Epoch[220] loss:0.084496
2020-10-27 10:12:20,957 logger DEBUG Vaildate loss:0.148989
2020-10-27 10:12:31,783 logger DEBUG Epoch[240] loss:0.084211
2020-10-27 10:12:32,051 logger DEBUG Vaildate loss:0.106526
2020-10-27 10:12:42,860 logger DEBUG Epoch[260] loss:0.075546
2020-10-27 10:12:43,105 logger DEBUG Vaildate loss:0.099068
2020-10-27 10:12:54,886 logger DEBUG Epoch[280] loss:0.081983
2020-10-27 10:12:55,151 logger DEBUG Vaildate loss:0.089725
2020-10-27 10:13:06,213 logger DEBUG Epoch[300] loss:0.078991
2020-10-27 10:13:06,451 logger DEBUG Vaildate loss:0.101555
2020-10-27 10:13:17,595 logger DEBUG Epoch[320] loss:0.065154
2020-10-27 10:13:17,854 logger DEBUG Vaildate loss:0.102602
2020-10-27 10:13:29,163 logger DEBUG Epoch[340] loss:0.066229
2020-10-27 10:13:29,422 logger DEBUG Vaildate loss:0.101401
2020-10-27 10:13:40,352 logger DEBUG Epoch[360] loss:0.063760
2020-10-27 10:13:40,586 logger DEBUG Vaildate loss:0.102793
2020-10-27 10:13:51,396 logger DEBUG Epoch[380] loss:0.063816
2020-10-27 10:13:51,618 logger DEBUG Vaildate loss:0.104149
2020-10-27 10:14:02,379 logger DEBUG Epoch[400] loss:0.067214
2020-10-27 10:14:02,638 logger DEBUG Vaildate loss:0.103474
2020-10-27 10:14:13,218 logger DEBUG Epoch[420] loss:0.064121
2020-10-27 10:14:13,477 logger DEBUG Vaildate loss:0.103524
2020-10-27 10:14:24,355 logger DEBUG Epoch[440] loss:0.064310
2020-10-27 10:14:24,608 logger DEBUG Vaildate loss:0.107628
2020-10-27 10:14:35,255 logger DEBUG Epoch[460] loss:0.063910
2020-10-27 10:14:35,496 logger DEBUG Vaildate loss:0.104270
2020-10-27 10:14:46,197 logger DEBUG Epoch[480] loss:0.062990
2020-10-27 10:14:46,437 logger DEBUG Vaildate loss:0.105399
2020-10-27 10:14:57,311 logger DEBUG Epoch[500] loss:0.062703
2020-10-27 10:14:57,539 logger DEBUG Vaildate loss:0.106265
2020-10-27 10:15:08,452 logger DEBUG Epoch[520] loss:0.064040
2020-10-27 10:15:08,686 logger DEBUG Vaildate loss:0.095010
2020-10-27 10:15:19,670 logger DEBUG Epoch[540] loss:0.063210
2020-10-27 10:15:19,900 logger DEBUG Vaildate loss:0.091527
2020-10-27 10:15:30,985 logger DEBUG Epoch[560] loss:0.062406
2020-10-27 10:15:31,215 logger DEBUG Vaildate loss:0.107676
2020-10-27 10:15:42,567 logger DEBUG Epoch[580] loss:0.062409
2020-10-27 10:15:42,806 logger DEBUG Vaildate loss:0.100593
2020-10-27 10:15:53,854 logger DEBUG Epoch[600] loss:0.064452
2020-10-27 10:15:54,095 logger DEBUG Vaildate loss:0.097435
2020-10-27 10:16:05,031 logger DEBUG Epoch[620] loss:0.061612
2020-10-27 10:16:05,274 logger DEBUG Vaildate loss:0.112459
2020-10-27 10:16:16,084 logger DEBUG Epoch[640] loss:0.062180
2020-10-27 10:16:16,316 logger DEBUG Vaildate loss:0.106456
2020-10-27 10:16:26,980 logger DEBUG Epoch[660] loss:0.061575
2020-10-27 10:16:27,211 logger DEBUG Vaildate loss:0.106293
2020-10-27 10:16:38,587 logger DEBUG Epoch[680] loss:0.062089
2020-10-27 10:16:38,824 logger DEBUG Vaildate loss:0.111170
2020-10-27 10:16:49,925 logger DEBUG Epoch[700] loss:0.062769
2020-10-27 10:16:50,167 logger DEBUG Vaildate loss:0.094384
2020-10-27 10:17:01,962 logger DEBUG Epoch[720] loss:0.061081
2020-10-27 10:17:02,227 logger DEBUG Vaildate loss:0.110772
2020-10-27 10:17:14,246 logger DEBUG Epoch[740] loss:0.061044
2020-10-27 10:17:14,507 logger DEBUG Vaildate loss:0.105705
2020-10-27 10:17:25,297 logger DEBUG Epoch[760] loss:0.060894
2020-10-27 10:17:25,550 logger DEBUG Vaildate loss:0.106305
2020-10-27 10:17:37,307 logger DEBUG Epoch[780] loss:0.059492
2020-10-27 10:17:37,572 logger DEBUG Vaildate loss:0.104949
2020-10-27 10:17:48,392 logger DEBUG Epoch[800] loss:0.060380
2020-10-27 10:17:48,635 logger DEBUG Vaildate loss:0.108270
2020-10-27 10:17:59,589 logger DEBUG Epoch[820] loss:0.060164
2020-10-27 10:17:59,855 logger DEBUG Vaildate loss:0.108941
2020-10-27 10:18:11,203 logger DEBUG Epoch[840] loss:0.059042
2020-10-27 10:18:11,436 logger DEBUG Vaildate loss:0.110991
2020-10-27 10:18:22,823 logger DEBUG Epoch[860] loss:0.058924
2020-10-27 10:18:23,070 logger DEBUG Vaildate loss:0.120582
2020-10-27 10:18:33,734 logger DEBUG Epoch[880] loss:0.061753
2020-10-27 10:18:33,970 logger DEBUG Vaildate loss:0.123146
2020-10-27 10:18:44,623 logger DEBUG Epoch[900] loss:0.060332
2020-10-27 10:18:44,867 logger DEBUG Vaildate loss:0.104980
2020-10-27 10:18:55,421 logger DEBUG Epoch[920] loss:0.059830
2020-10-27 10:18:55,652 logger DEBUG Vaildate loss:0.113657
2020-10-27 10:19:06,704 logger DEBUG Epoch[940] loss:0.059137
2020-10-27 10:19:06,942 logger DEBUG Vaildate loss:0.121481
2020-10-27 10:19:17,931 logger DEBUG Epoch[960] loss:0.059165
2020-10-27 10:19:18,172 logger DEBUG Vaildate loss:0.112955
2020-10-27 10:19:28,921 logger DEBUG Epoch[980] loss:0.058436
2020-10-27 10:19:29,155 logger DEBUG Vaildate loss:0.117291
2020-10-27 10:19:39,669 logger DEBUG Epoch[1000] loss:0.058193
2020-10-27 10:19:39,911 logger DEBUG Vaildate loss:0.125232
2020-10-27 10:19:50,984 logger DEBUG Epoch[1020] loss:0.059694
2020-10-27 10:19:51,225 logger DEBUG Vaildate loss:0.115429
2020-10-27 10:20:01,764 logger DEBUG Epoch[1040] loss:0.059464
2020-10-27 10:20:02,000 logger DEBUG Vaildate loss:0.125859
2020-10-27 10:20:12,816 logger DEBUG Epoch[1060] loss:0.058217
2020-10-27 10:20:13,103 logger DEBUG Vaildate loss:0.122231
2020-10-27 10:20:24,535 logger DEBUG Epoch[1080] loss:0.059271
2020-10-27 10:20:24,775 logger DEBUG Vaildate loss:0.119130
2020-10-27 10:20:35,471 logger DEBUG Epoch[1100] loss:0.057594
2020-10-27 10:20:35,706 logger DEBUG Vaildate loss:0.121579
2020-10-27 10:20:46,368 logger DEBUG Epoch[1120] loss:0.057466
2020-10-27 10:20:46,640 logger DEBUG Vaildate loss:0.108965
2020-10-27 10:20:57,581 logger DEBUG Epoch[1140] loss:0.058217
2020-10-27 10:20:57,848 logger DEBUG Vaildate loss:0.108223
2020-10-27 10:21:09,513 logger DEBUG Epoch[1160] loss:0.058320
2020-10-27 10:21:09,755 logger DEBUG Vaildate loss:0.104825
2020-10-27 10:21:21,267 logger DEBUG Epoch[1180] loss:0.057978
2020-10-27 10:21:21,508 logger DEBUG Vaildate loss:0.115250
2020-10-27 10:21:32,494 logger DEBUG Epoch[1200] loss:0.058097
2020-10-27 10:21:32,759 logger DEBUG Vaildate loss:0.126653
2020-10-27 10:21:43,374 logger DEBUG Epoch[1220] loss:0.060536
2020-10-27 10:21:43,626 logger DEBUG Vaildate loss:0.121565
2020-10-27 10:21:54,284 logger DEBUG Epoch[1240] loss:0.057311
2020-10-27 10:21:54,515 logger DEBUG Vaildate loss:0.116793
2020-10-27 10:22:05,534 logger DEBUG Epoch[1260] loss:0.057269
2020-10-27 10:22:05,778 logger DEBUG Vaildate loss:0.131613
2020-10-27 10:22:16,323 logger DEBUG Epoch[1280] loss:0.059127
2020-10-27 10:22:16,563 logger DEBUG Vaildate loss:0.122973
2020-10-27 10:22:27,282 logger DEBUG Epoch[1300] loss:0.057181
2020-10-27 10:22:27,520 logger DEBUG Vaildate loss:0.126595
2020-10-27 10:22:38,082 logger DEBUG Epoch[1320] loss:0.060117
2020-10-27 10:22:38,321 logger DEBUG Vaildate loss:0.133929
2020-10-27 10:22:48,968 logger DEBUG Epoch[1340] loss:0.057436
2020-10-27 10:22:49,227 logger DEBUG Vaildate loss:0.123214
2020-10-27 10:22:59,973 logger DEBUG Epoch[1360] loss:0.056761
2020-10-27 10:23:00,203 logger DEBUG Vaildate loss:0.120736
2020-10-27 10:23:11,212 logger DEBUG Epoch[1380] loss:0.057026
2020-10-27 10:23:11,461 logger DEBUG Vaildate loss:0.112365
2020-10-27 10:23:22,835 logger DEBUG Epoch[1400] loss:0.061069
2020-10-27 10:23:23,096 logger DEBUG Vaildate loss:0.125555
2020-10-27 10:23:34,133 logger DEBUG Epoch[1420] loss:0.058114
2020-10-27 10:23:34,368 logger DEBUG Vaildate loss:0.133828
2020-10-27 10:23:45,995 logger DEBUG Epoch[1440] loss:0.057242
2020-10-27 10:23:46,258 logger DEBUG Vaildate loss:0.128400
2020-10-27 10:23:57,865 logger DEBUG Epoch[1460] loss:0.056806
2020-10-27 10:23:58,115 logger DEBUG Vaildate loss:0.127465
2020-10-27 10:24:08,955 logger DEBUG Epoch[1480] loss:0.060889
2020-10-27 10:24:09,199 logger DEBUG Vaildate loss:0.110653
2020-10-27 10:24:20,307 logger DEBUG Epoch[1500] loss:0.057645
2020-10-27 10:24:20,571 logger DEBUG Vaildate loss:0.113331
2020-10-27 10:24:31,516 logger DEBUG Epoch[1520] loss:0.055930
2020-10-27 10:24:31,753 logger DEBUG Vaildate loss:0.132580
2020-10-27 10:24:42,308 logger DEBUG Epoch[1540] loss:0.057421
2020-10-27 10:24:42,542 logger DEBUG Vaildate loss:0.126350
2020-10-27 10:24:53,257 logger DEBUG Epoch[1560] loss:0.057757
2020-10-27 10:24:53,505 logger DEBUG Vaildate loss:0.130653
2020-10-27 10:25:04,050 logger DEBUG Epoch[1580] loss:0.057839
2020-10-27 10:25:04,299 logger DEBUG Vaildate loss:0.133151
2020-10-27 10:25:15,283 logger DEBUG Epoch[1600] loss:0.056684
2020-10-27 10:25:15,522 logger DEBUG Vaildate loss:0.133409
2020-10-27 10:25:26,675 logger DEBUG Epoch[1620] loss:0.056111
2020-10-27 10:25:26,924 logger DEBUG Vaildate loss:0.133895
2020-10-27 10:25:37,664 logger DEBUG Epoch[1640] loss:0.057577
2020-10-27 10:25:37,910 logger DEBUG Vaildate loss:0.140119
2020-10-27 10:25:49,125 logger DEBUG Epoch[1660] loss:0.055955
2020-10-27 10:25:49,377 logger DEBUG Vaildate loss:0.140055
2020-10-27 10:26:00,154 logger DEBUG Epoch[1680] loss:0.057005
2020-10-27 10:26:00,390 logger DEBUG Vaildate loss:0.151814
2020-10-27 10:26:11,108 logger DEBUG Epoch[1700] loss:0.058302
2020-10-27 10:26:11,353 logger DEBUG Vaildate loss:0.117746
2020-10-27 10:26:21,889 logger DEBUG Epoch[1720] loss:0.056898
2020-10-27 10:26:22,127 logger DEBUG Vaildate loss:0.117261
2020-10-27 10:26:33,003 logger DEBUG Epoch[1740] loss:0.058275
2020-10-27 10:26:33,260 logger DEBUG Vaildate loss:0.125838
2020-10-27 10:26:44,365 logger DEBUG Epoch[1760] loss:0.056194
2020-10-27 10:26:44,621 logger DEBUG Vaildate loss:0.128548
2020-10-27 10:26:55,778 logger DEBUG Epoch[1780] loss:0.057388
2020-10-27 10:26:56,019 logger DEBUG Vaildate loss:0.124148
2020-10-27 10:27:07,632 logger DEBUG Epoch[1800] loss:0.056026
2020-10-27 10:27:07,879 logger DEBUG Vaildate loss:0.135412
2020-10-27 10:27:18,860 logger DEBUG Epoch[1820] loss:0.055480
2020-10-27 10:27:19,098 logger DEBUG Vaildate loss:0.140052
2020-10-27 10:27:29,879 logger DEBUG Epoch[1840] loss:0.056961
2020-10-27 10:27:30,147 logger DEBUG Vaildate loss:0.123426
2020-10-27 10:27:40,808 logger DEBUG Epoch[1860] loss:0.055185
2020-10-27 10:27:41,041 logger DEBUG Vaildate loss:0.135022
2020-10-27 10:27:52,021 logger DEBUG Epoch[1880] loss:0.058641
2020-10-27 10:27:52,258 logger DEBUG Vaildate loss:0.149424
2020-10-27 10:28:03,227 logger DEBUG Epoch[1900] loss:0.056269
2020-10-27 10:28:03,481 logger DEBUG Vaildate loss:0.133408
2020-10-27 10:28:14,246 logger DEBUG Epoch[1920] loss:0.058326
2020-10-27 10:28:14,491 logger DEBUG Vaildate loss:0.129348
2020-10-27 10:28:25,439 logger DEBUG Epoch[1940] loss:0.056140
2020-10-27 10:28:25,721 logger DEBUG Vaildate loss:0.131144
2020-10-27 10:28:37,211 logger DEBUG Epoch[1960] loss:0.055908
2020-10-27 10:28:37,448 logger DEBUG Vaildate loss:0.103542
2020-10-27 10:28:48,070 logger DEBUG Epoch[1980] loss:0.055309
2020-10-27 10:28:48,309 logger DEBUG Vaildate loss:0.105972
2020-10-27 10:28:59,202 logger DEBUG training finish.
2020-10-27 10:28:59,203 logger DEBUG  
 
 

2020-10-27 14:25:45,547 logger DEBUG hidden_layers=5, hidden_size=1024, batch_size=1000, learning_rate=0.000500
2020-10-27 14:26:14,061 logger DEBUG hidden_layers=5, hidden_size=1024, batch_size=1000, learning_rate=0.000500
2020-10-27 14:26:17,654 logger DEBUG Epoch[0] loss:5.812595
2020-10-27 14:26:17,884 logger DEBUG Vaildate loss:11.723730
2020-10-27 14:26:29,325 logger DEBUG Epoch[20] loss:0.128782
2020-10-27 14:26:29,579 logger DEBUG Vaildate loss:30.197344
2020-10-27 14:26:41,505 logger DEBUG Epoch[40] loss:0.109511
2020-10-27 14:26:41,735 logger DEBUG Vaildate loss:28.047619
2020-10-27 14:26:53,456 logger DEBUG Epoch[60] loss:0.198691
2020-10-27 14:26:53,687 logger DEBUG Vaildate loss:28.479137
2020-10-27 14:27:04,881 logger DEBUG Epoch[80] loss:0.103275
2020-10-27 14:27:05,123 logger DEBUG Vaildate loss:27.757924
2020-10-27 14:27:16,840 logger DEBUG Epoch[100] loss:0.084699
2020-10-27 14:27:17,080 logger DEBUG Vaildate loss:30.438702
2020-10-27 14:27:28,099 logger DEBUG Epoch[120] loss:0.098023
2020-10-27 14:27:28,328 logger DEBUG Vaildate loss:28.662901
2020-10-27 14:27:39,338 logger DEBUG Epoch[140] loss:0.088913
2020-10-27 14:27:39,570 logger DEBUG Vaildate loss:37.752174
2020-10-27 14:27:50,765 logger DEBUG Epoch[160] loss:0.103863
2020-10-27 14:27:50,996 logger DEBUG Vaildate loss:28.567621
2020-10-27 14:28:01,921 logger DEBUG Epoch[180] loss:0.079168
2020-10-27 14:28:02,167 logger DEBUG Vaildate loss:32.050125
2020-10-27 14:28:13,564 logger DEBUG Epoch[200] loss:0.086546
2020-10-27 14:28:13,814 logger DEBUG Vaildate loss:30.395645
2020-10-27 14:28:25,980 logger DEBUG Epoch[220] loss:0.088804
2020-10-27 14:28:26,317 logger DEBUG Vaildate loss:33.363409
2020-10-27 14:28:43,171 logger DEBUG Epoch[240] loss:0.077365
2020-10-27 14:28:43,394 logger DEBUG Vaildate loss:29.833452
2020-10-27 14:28:54,532 logger DEBUG Epoch[260] loss:0.088613
2020-10-27 14:28:54,772 logger DEBUG Vaildate loss:29.347744
2020-10-27 14:29:06,271 logger DEBUG Epoch[280] loss:0.082361
2020-10-27 14:29:06,513 logger DEBUG Vaildate loss:33.033158
2020-10-27 14:29:17,466 logger DEBUG Epoch[300] loss:0.078074
2020-10-27 14:29:17,696 logger DEBUG Vaildate loss:31.682106
2020-10-27 14:29:29,174 logger DEBUG Epoch[320] loss:0.074304
2020-10-27 14:29:29,400 logger DEBUG Vaildate loss:34.742837
2020-10-27 14:29:40,659 logger DEBUG Epoch[340] loss:0.073582
2020-10-27 14:29:40,882 logger DEBUG Vaildate loss:34.020720
2020-10-27 14:29:51,809 logger DEBUG Epoch[360] loss:0.072600
2020-10-27 14:29:52,051 logger DEBUG Vaildate loss:36.765052
2020-10-27 14:30:02,228 logger DEBUG Epoch[380] loss:0.074709
2020-10-27 14:30:02,451 logger DEBUG Vaildate loss:37.381882
2020-10-27 14:30:13,625 logger DEBUG Epoch[400] loss:0.072366
2020-10-27 14:30:13,884 logger DEBUG Vaildate loss:37.405951
2020-10-27 14:30:25,627 logger DEBUG Epoch[420] loss:0.072180
2020-10-27 14:30:25,855 logger DEBUG Vaildate loss:37.322811
2020-10-27 14:30:37,157 logger DEBUG Epoch[440] loss:0.074206
2020-10-27 14:30:37,405 logger DEBUG Vaildate loss:37.023912
2020-10-27 14:30:48,671 logger DEBUG Epoch[460] loss:0.072938
2020-10-27 14:30:48,917 logger DEBUG Vaildate loss:37.499971
